[2023-01-29 15:06:44] merlin-logger.INFO: Imported "Facilitation" (category) [] []
[2023-01-29 15:06:44] merlin-logger.DEBUG: Term 2 remapped to 3 [] []
[2023-01-29 15:06:44] merlin-logger.INFO: Imported "Latest New" (category) [] []
[2023-01-29 15:06:44] merlin-logger.DEBUG: Term 3 remapped to 4 [] []
[2023-01-29 15:06:44] merlin-logger.WARNING: Failed to import product_cat Accessories [] []
[2023-01-29 15:06:44] merlin-logger.DEBUG: Invalid taxonomy. [] []
[2023-01-29 15:06:44] merlin-logger.WARNING: Failed to import product_cat Bags [] []
[2023-01-29 15:06:44] merlin-logger.DEBUG: Invalid taxonomy. [] []
[2023-01-29 15:06:44] merlin-logger.WARNING: Failed to import pa_color Blue [] []
[2023-01-29 15:06:44] merlin-logger.DEBUG: Invalid taxonomy. [] []
[2023-01-29 15:06:44] merlin-logger.WARNING: Failed to import product_cat Dress [] []
[2023-01-29 15:06:44] merlin-logger.DEBUG: Invalid taxonomy. [] []
[2023-01-29 15:06:44] merlin-logger.WARNING: Failed to import product_visibility exclude-from-catalog [] []
[2023-01-29 15:06:44] merlin-logger.DEBUG: Invalid taxonomy. [] []
[2023-01-29 15:06:44] merlin-logger.WARNING: Failed to import product_visibility exclude-from-search [] []
[2023-01-29 15:06:44] merlin-logger.DEBUG: Invalid taxonomy. [] []
[2023-01-29 15:06:44] merlin-logger.WARNING: Failed to import product_type external [] []
[2023-01-29 15:06:44] merlin-logger.DEBUG: Invalid taxonomy. [] []
[2023-01-29 15:06:44] merlin-logger.WARNING: Failed to import product_visibility featured [] []
[2023-01-29 15:06:44] merlin-logger.DEBUG: Invalid taxonomy. [] []
[2023-01-29 15:06:44] merlin-logger.WARNING: Failed to import pa_color Gray [] []
[2023-01-29 15:06:44] merlin-logger.DEBUG: Invalid taxonomy. [] []
[2023-01-29 15:06:44] merlin-logger.WARNING: Failed to import pa_color Green [] []
[2023-01-29 15:06:44] merlin-logger.DEBUG: Invalid taxonomy. [] []
[2023-01-29 15:06:44] merlin-logger.WARNING: Failed to import product_type grouped [] []
[2023-01-29 15:06:44] merlin-logger.DEBUG: Invalid taxonomy. [] []
[2023-01-29 15:06:44] merlin-logger.WARNING: Failed to import product_cat Jacket [] []
[2023-01-29 15:06:44] merlin-logger.DEBUG: Invalid taxonomy. [] []
[2023-01-29 15:06:44] merlin-logger.WARNING: Failed to import product_cat Jumpsuit [] []
[2023-01-29 15:06:44] merlin-logger.DEBUG: Invalid taxonomy. [] []
[2023-01-29 15:06:44] merlin-logger.WARNING: Failed to import product_cat Men [] []
[2023-01-29 15:06:44] merlin-logger.DEBUG: Invalid taxonomy. [] []
[2023-01-29 15:06:44] merlin-logger.WARNING: Failed to import product_cat On Sale [] []
[2023-01-29 15:06:44] merlin-logger.DEBUG: Invalid taxonomy. [] []
[2023-01-29 15:06:44] merlin-logger.WARNING: Failed to import product_visibility outofstock [] []
[2023-01-29 15:06:44] merlin-logger.DEBUG: Invalid taxonomy. [] []
[2023-01-29 15:06:44] merlin-logger.WARNING: Failed to import product_visibility rated-1 [] []
[2023-01-29 15:06:44] merlin-logger.DEBUG: Invalid taxonomy. [] []
[2023-01-29 15:06:44] merlin-logger.WARNING: Failed to import product_visibility rated-2 [] []
[2023-01-29 15:06:44] merlin-logger.DEBUG: Invalid taxonomy. [] []
[2023-01-29 15:06:44] merlin-logger.WARNING: Failed to import product_visibility rated-3 [] []
[2023-01-29 15:06:44] merlin-logger.DEBUG: Invalid taxonomy. [] []
[2023-01-29 15:06:44] merlin-logger.WARNING: Failed to import product_visibility rated-4 [] []
[2023-01-29 15:06:44] merlin-logger.DEBUG: Invalid taxonomy. [] []
[2023-01-29 15:06:44] merlin-logger.WARNING: Failed to import product_visibility rated-5 [] []
[2023-01-29 15:06:44] merlin-logger.DEBUG: Invalid taxonomy. [] []
[2023-01-29 15:06:44] merlin-logger.WARNING: Failed to import pa_color Red [] []
[2023-01-29 15:06:44] merlin-logger.DEBUG: Invalid taxonomy. [] []
[2023-01-29 15:06:44] merlin-logger.WARNING: Failed to import product_cat Shoes [] []
[2023-01-29 15:06:44] merlin-logger.DEBUG: Invalid taxonomy. [] []
[2023-01-29 15:06:44] merlin-logger.WARNING: Failed to import product_type simple [] []
[2023-01-29 15:06:44] merlin-logger.DEBUG: Invalid taxonomy. [] []
[2023-01-29 15:06:44] merlin-logger.WARNING: Failed to import product_cat T-Shirts [] []
[2023-01-29 15:06:44] merlin-logger.DEBUG: Invalid taxonomy. [] []
[2023-01-29 15:06:44] merlin-logger.WARNING: Failed to import product_cat Uncategorized [] []
[2023-01-29 15:06:44] merlin-logger.DEBUG: Invalid taxonomy. [] []
[2023-01-29 15:06:44] merlin-logger.WARNING: Failed to import product_type variable [] []
[2023-01-29 15:06:44] merlin-logger.DEBUG: Invalid taxonomy. [] []
[2023-01-29 15:06:44] merlin-logger.WARNING: Failed to import product_cat Women [] []
[2023-01-29 15:06:44] merlin-logger.DEBUG: Invalid taxonomy. [] []
[2023-01-29 15:06:44] merlin-logger.INFO: Imported "Footer Menu" (nav_menu) [] []
[2023-01-29 15:06:44] merlin-logger.DEBUG: Term 39 remapped to 5 [] []
[2023-01-29 15:06:44] merlin-logger.INFO: Imported "Header Menu" (nav_menu) [] []
[2023-01-29 15:06:44] merlin-logger.DEBUG: Term 21 remapped to 6 [] []
[2023-01-29 15:06:45] merlin-logger.INFO: Imported "kisspng-computer-icons-google-logo-online-advertising-g-icon-5b463ee2e3e387.6316928415313302749334" (Media) [] []
[2023-01-29 15:06:45] merlin-logger.DEBUG: Post 42 remapped to 42 [] []
[2023-01-29 15:06:49] merlin-logger.INFO: Imported "slide" (Media) [] []
[2023-01-29 15:06:49] merlin-logger.DEBUG: Post 64 remapped to 64 [] []
[2023-01-29 15:06:49] merlin-logger.INFO: Imported "icon-1" (Media) [] []
[2023-01-29 15:06:49] merlin-logger.DEBUG: Post 69 remapped to 69 [] []
[2023-01-29 15:06:50] merlin-logger.INFO: Imported "icon2" (Media) [] []
[2023-01-29 15:06:50] merlin-logger.DEBUG: Post 73 remapped to 73 [] []
[2023-01-29 15:06:50] merlin-logger.INFO: Imported "icon-3" (Media) [] []
[2023-01-29 15:06:50] merlin-logger.DEBUG: Post 75 remapped to 75 [] []
[2023-01-29 15:06:51] merlin-logger.INFO: Imported "icon-4" (Media) [] []
[2023-01-29 15:06:51] merlin-logger.DEBUG: Post 76 remapped to 76 [] []
[2023-01-29 15:06:51] merlin-logger.INFO: Imported "icon-2" (Media) [] []
[2023-01-29 15:06:51] merlin-logger.DEBUG: Post 77 remapped to 77 [] []
[2023-01-29 15:06:52] merlin-logger.INFO: Imported "Humaaans - 3 Characters" (Media) [] []
[2023-01-29 15:06:52] merlin-logger.DEBUG: Post 83 remapped to 83 [] []
[2023-01-29 15:06:54] merlin-logger.INFO: Imported "banner" (Media) [] []
[2023-01-29 15:06:54] merlin-logger.DEBUG: Post 85 remapped to 85 [] []
[2023-01-29 15:06:55] merlin-logger.INFO: Imported "woocommerce-placeholder" (Media) [] []
[2023-01-29 15:06:55] merlin-logger.DEBUG: Post 150 remapped to 150 [] []
[2023-01-29 15:06:59] merlin-logger.INFO: Imported "shot-slider (1)-min" (Media) [] []
[2023-01-29 15:06:59] merlin-logger.DEBUG: Post 172 remapped to 172 [] []
[2023-01-29 15:07:01] merlin-logger.INFO: Imported "post_03-1280x854" (Media) [] []
[2023-01-29 15:07:01] merlin-logger.DEBUG: Post 187 remapped to 187 [] []
[2023-01-29 15:07:02] merlin-logger.INFO: Imported "post_15-1280x854" (Media) [] []
[2023-01-29 15:07:02] merlin-logger.DEBUG: Post 188 remapped to 188 [] []
[2023-01-29 15:07:05] merlin-logger.INFO: Imported "post_10" (Media) [] []
[2023-01-29 15:07:05] merlin-logger.DEBUG: Post 189 remapped to 189 [] []
[2023-01-29 15:07:05] merlin-logger.INFO: New AJAX call! [] []
[2023-01-29 15:07:07] merlin-logger.WARNING: Failed to import product_cat Accessories [] []
[2023-01-29 15:07:07] merlin-logger.DEBUG: Invalid taxonomy. [] []
[2023-01-29 15:07:07] merlin-logger.WARNING: Failed to import product_cat Bags [] []
[2023-01-29 15:07:07] merlin-logger.DEBUG: Invalid taxonomy. [] []
[2023-01-29 15:07:07] merlin-logger.WARNING: Failed to import pa_color Blue [] []
[2023-01-29 15:07:07] merlin-logger.DEBUG: Invalid taxonomy. [] []
[2023-01-29 15:07:07] merlin-logger.WARNING: Failed to import product_cat Dress [] []
[2023-01-29 15:07:07] merlin-logger.DEBUG: Invalid taxonomy. [] []
[2023-01-29 15:07:07] merlin-logger.WARNING: Failed to import product_visibility exclude-from-catalog [] []
[2023-01-29 15:07:07] merlin-logger.DEBUG: Invalid taxonomy. [] []
[2023-01-29 15:07:07] merlin-logger.WARNING: Failed to import product_visibility exclude-from-search [] []
[2023-01-29 15:07:07] merlin-logger.DEBUG: Invalid taxonomy. [] []
[2023-01-29 15:07:07] merlin-logger.WARNING: Failed to import product_type external [] []
[2023-01-29 15:07:07] merlin-logger.DEBUG: Invalid taxonomy. [] []
[2023-01-29 15:07:07] merlin-logger.WARNING: Failed to import product_visibility featured [] []
[2023-01-29 15:07:07] merlin-logger.DEBUG: Invalid taxonomy. [] []
[2023-01-29 15:07:07] merlin-logger.WARNING: Failed to import pa_color Gray [] []
[2023-01-29 15:07:07] merlin-logger.DEBUG: Invalid taxonomy. [] []
[2023-01-29 15:07:07] merlin-logger.WARNING: Failed to import pa_color Green [] []
[2023-01-29 15:07:07] merlin-logger.DEBUG: Invalid taxonomy. [] []
[2023-01-29 15:07:07] merlin-logger.WARNING: Failed to import product_type grouped [] []
[2023-01-29 15:07:07] merlin-logger.DEBUG: Invalid taxonomy. [] []
[2023-01-29 15:07:07] merlin-logger.WARNING: Failed to import product_cat Jacket [] []
[2023-01-29 15:07:07] merlin-logger.DEBUG: Invalid taxonomy. [] []
[2023-01-29 15:07:07] merlin-logger.WARNING: Failed to import product_cat Jumpsuit [] []
[2023-01-29 15:07:07] merlin-logger.DEBUG: Invalid taxonomy. [] []
[2023-01-29 15:07:07] merlin-logger.WARNING: Failed to import product_cat Men [] []
[2023-01-29 15:07:07] merlin-logger.DEBUG: Invalid taxonomy. [] []
[2023-01-29 15:07:07] merlin-logger.WARNING: Failed to import product_cat On Sale [] []
[2023-01-29 15:07:07] merlin-logger.DEBUG: Invalid taxonomy. [] []
[2023-01-29 15:07:07] merlin-logger.WARNING: Failed to import product_visibility outofstock [] []
[2023-01-29 15:07:07] merlin-logger.DEBUG: Invalid taxonomy. [] []
[2023-01-29 15:07:07] merlin-logger.WARNING: Failed to import product_visibility rated-1 [] []
[2023-01-29 15:07:07] merlin-logger.DEBUG: Invalid taxonomy. [] []
[2023-01-29 15:07:07] merlin-logger.WARNING: Failed to import product_visibility rated-2 [] []
[2023-01-29 15:07:07] merlin-logger.DEBUG: Invalid taxonomy. [] []
[2023-01-29 15:07:07] merlin-logger.WARNING: Failed to import product_visibility rated-3 [] []
[2023-01-29 15:07:07] merlin-logger.DEBUG: Invalid taxonomy. [] []
[2023-01-29 15:07:07] merlin-logger.WARNING: Failed to import product_visibility rated-4 [] []
[2023-01-29 15:07:07] merlin-logger.DEBUG: Invalid taxonomy. [] []
[2023-01-29 15:07:07] merlin-logger.WARNING: Failed to import product_visibility rated-5 [] []
[2023-01-29 15:07:07] merlin-logger.DEBUG: Invalid taxonomy. [] []
[2023-01-29 15:07:07] merlin-logger.WARNING: Failed to import pa_color Red [] []
[2023-01-29 15:07:07] merlin-logger.DEBUG: Invalid taxonomy. [] []
[2023-01-29 15:07:07] merlin-logger.WARNING: Failed to import product_cat Shoes [] []
[2023-01-29 15:07:07] merlin-logger.DEBUG: Invalid taxonomy. [] []
[2023-01-29 15:07:07] merlin-logger.WARNING: Failed to import product_type simple [] []
[2023-01-29 15:07:07] merlin-logger.DEBUG: Invalid taxonomy. [] []
[2023-01-29 15:07:07] merlin-logger.WARNING: Failed to import product_cat T-Shirts [] []
[2023-01-29 15:07:07] merlin-logger.DEBUG: Invalid taxonomy. [] []
[2023-01-29 15:07:07] merlin-logger.WARNING: Failed to import product_cat Uncategorized [] []
[2023-01-29 15:07:07] merlin-logger.DEBUG: Invalid taxonomy. [] []
[2023-01-29 15:07:07] merlin-logger.WARNING: Failed to import product_type variable [] []
[2023-01-29 15:07:07] merlin-logger.DEBUG: Invalid taxonomy. [] []
[2023-01-29 15:07:07] merlin-logger.WARNING: Failed to import product_cat Women [] []
[2023-01-29 15:07:07] merlin-logger.DEBUG: Invalid taxonomy. [] []
[2023-01-29 15:07:10] merlin-logger.INFO: Imported "post_12" (Media) [] []
[2023-01-29 15:07:10] merlin-logger.DEBUG: Post 190 remapped to 190 [] []
[2023-01-29 15:07:13] merlin-logger.INFO: Imported "post_05" (Media) [] []
[2023-01-29 15:07:13] merlin-logger.DEBUG: Post 191 remapped to 191 [] []
[2023-01-29 15:07:16] merlin-logger.INFO: Imported "post_01" (Media) [] []
[2023-01-29 15:07:16] merlin-logger.DEBUG: Post 198 remapped to 198 [] []
[2023-01-29 15:07:17] merlin-logger.INFO: Imported "banner-1" (Media) [] []
[2023-01-29 15:07:17] merlin-logger.DEBUG: Post 206 remapped to 206 [] []
[2023-01-29 15:07:19] merlin-logger.INFO: Imported "MaxPixel.net-Guy-Table-Beard-People-Laptop-Man-Lamp-Window-2605980" (Media) [] []
[2023-01-29 15:07:19] merlin-logger.DEBUG: Post 218 remapped to 218 [] []
[2023-01-29 15:07:19] merlin-logger.INFO: Imported "payment" (Media) [] []
[2023-01-29 15:07:19] merlin-logger.DEBUG: Post 3164 remapped to 3164 [] []
[2023-01-29 15:07:26] merlin-logger.INFO: Imported "MaxPixel.net-Office-Airbook-Creative-Mac-Apple-Home-Office-581131" (Media) [] []
[2023-01-29 15:07:26] merlin-logger.DEBUG: Post 219 remapped to 219 [] []
[2023-01-29 15:07:31] merlin-logger.INFO: Imported "MaxPixel.net-Marketing-Businesswoman-Businessman-3468598" (Media) [] []
[2023-01-29 15:07:31] merlin-logger.DEBUG: Post 221 remapped to 221 [] []
[2023-01-29 15:07:31] merlin-logger.INFO: New AJAX call! [] []
[2023-01-29 15:07:31] merlin-logger.WARNING: Failed to import product_cat Accessories [] []
[2023-01-29 15:07:31] merlin-logger.DEBUG: Invalid taxonomy. [] []
[2023-01-29 15:07:31] merlin-logger.WARNING: Failed to import product_cat Bags [] []
[2023-01-29 15:07:31] merlin-logger.DEBUG: Invalid taxonomy. [] []
[2023-01-29 15:07:31] merlin-logger.WARNING: Failed to import pa_color Blue [] []
[2023-01-29 15:07:31] merlin-logger.DEBUG: Invalid taxonomy. [] []
[2023-01-29 15:07:31] merlin-logger.WARNING: Failed to import product_cat Dress [] []
[2023-01-29 15:07:31] merlin-logger.DEBUG: Invalid taxonomy. [] []
[2023-01-29 15:07:31] merlin-logger.WARNING: Failed to import product_visibility exclude-from-catalog [] []
[2023-01-29 15:07:31] merlin-logger.DEBUG: Invalid taxonomy. [] []
[2023-01-29 15:07:31] merlin-logger.WARNING: Failed to import product_visibility exclude-from-search [] []
[2023-01-29 15:07:31] merlin-logger.DEBUG: Invalid taxonomy. [] []
[2023-01-29 15:07:31] merlin-logger.WARNING: Failed to import product_type external [] []
[2023-01-29 15:07:31] merlin-logger.DEBUG: Invalid taxonomy. [] []
[2023-01-29 15:07:31] merlin-logger.WARNING: Failed to import product_visibility featured [] []
[2023-01-29 15:07:31] merlin-logger.DEBUG: Invalid taxonomy. [] []
[2023-01-29 15:07:31] merlin-logger.WARNING: Failed to import pa_color Gray [] []
[2023-01-29 15:07:31] merlin-logger.DEBUG: Invalid taxonomy. [] []
[2023-01-29 15:07:31] merlin-logger.WARNING: Failed to import pa_color Green [] []
[2023-01-29 15:07:31] merlin-logger.DEBUG: Invalid taxonomy. [] []
[2023-01-29 15:07:31] merlin-logger.WARNING: Failed to import product_type grouped [] []
[2023-01-29 15:07:31] merlin-logger.DEBUG: Invalid taxonomy. [] []
[2023-01-29 15:07:31] merlin-logger.WARNING: Failed to import product_cat Jacket [] []
[2023-01-29 15:07:31] merlin-logger.DEBUG: Invalid taxonomy. [] []
[2023-01-29 15:07:31] merlin-logger.WARNING: Failed to import product_cat Jumpsuit [] []
[2023-01-29 15:07:31] merlin-logger.DEBUG: Invalid taxonomy. [] []
[2023-01-29 15:07:31] merlin-logger.WARNING: Failed to import product_cat Men [] []
[2023-01-29 15:07:31] merlin-logger.DEBUG: Invalid taxonomy. [] []
[2023-01-29 15:07:31] merlin-logger.WARNING: Failed to import product_cat On Sale [] []
[2023-01-29 15:07:31] merlin-logger.DEBUG: Invalid taxonomy. [] []
[2023-01-29 15:07:31] merlin-logger.WARNING: Failed to import product_visibility outofstock [] []
[2023-01-29 15:07:31] merlin-logger.DEBUG: Invalid taxonomy. [] []
[2023-01-29 15:07:31] merlin-logger.WARNING: Failed to import product_visibility rated-1 [] []
[2023-01-29 15:07:31] merlin-logger.DEBUG: Invalid taxonomy. [] []
[2023-01-29 15:07:31] merlin-logger.WARNING: Failed to import product_visibility rated-2 [] []
[2023-01-29 15:07:31] merlin-logger.DEBUG: Invalid taxonomy. [] []
[2023-01-29 15:07:31] merlin-logger.WARNING: Failed to import product_visibility rated-3 [] []
[2023-01-29 15:07:31] merlin-logger.DEBUG: Invalid taxonomy. [] []
[2023-01-29 15:07:31] merlin-logger.WARNING: Failed to import product_visibility rated-4 [] []
[2023-01-29 15:07:31] merlin-logger.DEBUG: Invalid taxonomy. [] []
[2023-01-29 15:07:31] merlin-logger.WARNING: Failed to import product_visibility rated-5 [] []
[2023-01-29 15:07:31] merlin-logger.DEBUG: Invalid taxonomy. [] []
[2023-01-29 15:07:31] merlin-logger.WARNING: Failed to import pa_color Red [] []
[2023-01-29 15:07:31] merlin-logger.DEBUG: Invalid taxonomy. [] []
[2023-01-29 15:07:31] merlin-logger.WARNING: Failed to import product_cat Shoes [] []
[2023-01-29 15:07:31] merlin-logger.DEBUG: Invalid taxonomy. [] []
[2023-01-29 15:07:31] merlin-logger.WARNING: Failed to import product_type simple [] []
[2023-01-29 15:07:31] merlin-logger.DEBUG: Invalid taxonomy. [] []
[2023-01-29 15:07:31] merlin-logger.WARNING: Failed to import product_cat T-Shirts [] []
[2023-01-29 15:07:31] merlin-logger.DEBUG: Invalid taxonomy. [] []
[2023-01-29 15:07:31] merlin-logger.WARNING: Failed to import product_cat Uncategorized [] []
[2023-01-29 15:07:31] merlin-logger.DEBUG: Invalid taxonomy. [] []
[2023-01-29 15:07:31] merlin-logger.WARNING: Failed to import product_type variable [] []
[2023-01-29 15:07:31] merlin-logger.DEBUG: Invalid taxonomy. [] []
[2023-01-29 15:07:31] merlin-logger.WARNING: Failed to import product_cat Women [] []
[2023-01-29 15:07:31] merlin-logger.DEBUG: Invalid taxonomy. [] []
[2023-01-29 15:07:32] merlin-logger.INFO: Imported "about" (Media) [] []
[2023-01-29 15:07:32] merlin-logger.DEBUG: Post 224 remapped to 224 [] []
[2023-01-29 15:07:33] merlin-logger.INFO: Imported "team-member-4" (Media) [] []
[2023-01-29 15:07:33] merlin-logger.DEBUG: Post 259 remapped to 259 [] []
[2023-01-29 15:07:34] merlin-logger.INFO: Imported "team-member-3" (Media) [] []
[2023-01-29 15:07:34] merlin-logger.DEBUG: Post 260 remapped to 260 [] []
[2023-01-29 15:07:34] merlin-logger.INFO: Imported "team-member-1" (Media) [] []
[2023-01-29 15:07:34] merlin-logger.DEBUG: Post 261 remapped to 261 [] []
[2023-01-29 15:07:35] merlin-logger.INFO: Imported "team-member-3-1" (Media) [] []
[2023-01-29 15:07:35] merlin-logger.DEBUG: Post 262 remapped to 262 [] []
[2023-01-29 15:07:35] merlin-logger.INFO: Imported "team-member-2" (Media) [] []
[2023-01-29 15:07:35] merlin-logger.DEBUG: Post 263 remapped to 263 [] []
[2023-01-29 15:07:37] merlin-logger.INFO: Imported "man-working-min" (Media) [] []
[2023-01-29 15:07:37] merlin-logger.DEBUG: Post 268 remapped to 268 [] []
[2023-01-29 15:07:37] merlin-logger.INFO: Imported "team-member-4" (Media) [] []
[2023-01-29 15:07:37] merlin-logger.DEBUG: Post 286 remapped to 286 [] []
[2023-01-29 15:07:38] merlin-logger.INFO: Imported "icon7" (Media) [] []
[2023-01-29 15:07:38] merlin-logger.DEBUG: Post 298 remapped to 298 [] []
[2023-01-29 15:07:39] merlin-logger.INFO: Imported "icon5" (Media) [] []
[2023-01-29 15:07:39] merlin-logger.DEBUG: Post 299 remapped to 299 [] []
[2023-01-29 15:07:39] merlin-logger.INFO: Imported "icon8" (Media) [] []
[2023-01-29 15:07:39] merlin-logger.DEBUG: Post 301 remapped to 301 [] []
[2023-01-29 15:07:50] merlin-logger.INFO: Imported "slider1" (Media) [] []
[2023-01-29 15:07:50] merlin-logger.DEBUG: Post 304 remapped to 304 [] []
[2023-01-29 15:07:50] merlin-logger.INFO: Imported "portfolio-48.jpg-1" (Media) [] []
[2023-01-29 15:07:50] merlin-logger.DEBUG: Post 309 remapped to 309 [] []
[2023-01-29 15:07:51] merlin-logger.INFO: Imported "portfolio-209.jpg" (Media) [] []
[2023-01-29 15:07:51] merlin-logger.DEBUG: Post 310 remapped to 310 [] []
[2023-01-29 15:07:51] merlin-logger.INFO: New AJAX call! [] []
[2023-01-29 15:07:52] merlin-logger.WARNING: Failed to import product_cat Accessories [] []
[2023-01-29 15:07:52] merlin-logger.DEBUG: Invalid taxonomy. [] []
[2023-01-29 15:07:52] merlin-logger.WARNING: Failed to import product_cat Bags [] []
[2023-01-29 15:07:52] merlin-logger.DEBUG: Invalid taxonomy. [] []
[2023-01-29 15:07:52] merlin-logger.WARNING: Failed to import pa_color Blue [] []
[2023-01-29 15:07:52] merlin-logger.DEBUG: Invalid taxonomy. [] []
[2023-01-29 15:07:52] merlin-logger.WARNING: Failed to import product_cat Dress [] []
[2023-01-29 15:07:52] merlin-logger.DEBUG: Invalid taxonomy. [] []
[2023-01-29 15:07:52] merlin-logger.WARNING: Failed to import product_visibility exclude-from-catalog [] []
[2023-01-29 15:07:52] merlin-logger.DEBUG: Invalid taxonomy. [] []
[2023-01-29 15:07:52] merlin-logger.WARNING: Failed to import product_visibility exclude-from-search [] []
[2023-01-29 15:07:52] merlin-logger.DEBUG: Invalid taxonomy. [] []
[2023-01-29 15:07:52] merlin-logger.WARNING: Failed to import product_type external [] []
[2023-01-29 15:07:52] merlin-logger.DEBUG: Invalid taxonomy. [] []
[2023-01-29 15:07:52] merlin-logger.WARNING: Failed to import product_visibility featured [] []
[2023-01-29 15:07:52] merlin-logger.DEBUG: Invalid taxonomy. [] []
[2023-01-29 15:07:52] merlin-logger.WARNING: Failed to import pa_color Gray [] []
[2023-01-29 15:07:52] merlin-logger.DEBUG: Invalid taxonomy. [] []
[2023-01-29 15:07:52] merlin-logger.WARNING: Failed to import pa_color Green [] []
[2023-01-29 15:07:52] merlin-logger.DEBUG: Invalid taxonomy. [] []
[2023-01-29 15:07:52] merlin-logger.WARNING: Failed to import product_type grouped [] []
[2023-01-29 15:07:52] merlin-logger.DEBUG: Invalid taxonomy. [] []
[2023-01-29 15:07:52] merlin-logger.WARNING: Failed to import product_cat Jacket [] []
[2023-01-29 15:07:52] merlin-logger.DEBUG: Invalid taxonomy. [] []
[2023-01-29 15:07:52] merlin-logger.WARNING: Failed to import product_cat Jumpsuit [] []
[2023-01-29 15:07:52] merlin-logger.DEBUG: Invalid taxonomy. [] []
[2023-01-29 15:07:52] merlin-logger.WARNING: Failed to import product_cat Men [] []
[2023-01-29 15:07:52] merlin-logger.DEBUG: Invalid taxonomy. [] []
[2023-01-29 15:07:52] merlin-logger.WARNING: Failed to import product_cat On Sale [] []
[2023-01-29 15:07:52] merlin-logger.DEBUG: Invalid taxonomy. [] []
[2023-01-29 15:07:52] merlin-logger.WARNING: Failed to import product_visibility outofstock [] []
[2023-01-29 15:07:52] merlin-logger.DEBUG: Invalid taxonomy. [] []
[2023-01-29 15:07:52] merlin-logger.WARNING: Failed to import product_visibility rated-1 [] []
[2023-01-29 15:07:52] merlin-logger.DEBUG: Invalid taxonomy. [] []
[2023-01-29 15:07:52] merlin-logger.WARNING: Failed to import product_visibility rated-2 [] []
[2023-01-29 15:07:52] merlin-logger.DEBUG: Invalid taxonomy. [] []
[2023-01-29 15:07:52] merlin-logger.WARNING: Failed to import product_visibility rated-3 [] []
[2023-01-29 15:07:52] merlin-logger.DEBUG: Invalid taxonomy. [] []
[2023-01-29 15:07:52] merlin-logger.WARNING: Failed to import product_visibility rated-4 [] []
[2023-01-29 15:07:52] merlin-logger.DEBUG: Invalid taxonomy. [] []
[2023-01-29 15:07:52] merlin-logger.WARNING: Failed to import product_visibility rated-5 [] []
[2023-01-29 15:07:52] merlin-logger.DEBUG: Invalid taxonomy. [] []
[2023-01-29 15:07:52] merlin-logger.WARNING: Failed to import pa_color Red [] []
[2023-01-29 15:07:52] merlin-logger.DEBUG: Invalid taxonomy. [] []
[2023-01-29 15:07:52] merlin-logger.WARNING: Failed to import product_cat Shoes [] []
[2023-01-29 15:07:52] merlin-logger.DEBUG: Invalid taxonomy. [] []
[2023-01-29 15:07:52] merlin-logger.WARNING: Failed to import product_type simple [] []
[2023-01-29 15:07:52] merlin-logger.DEBUG: Invalid taxonomy. [] []
[2023-01-29 15:07:52] merlin-logger.WARNING: Failed to import product_cat T-Shirts [] []
[2023-01-29 15:07:52] merlin-logger.DEBUG: Invalid taxonomy. [] []
[2023-01-29 15:07:52] merlin-logger.WARNING: Failed to import product_cat Uncategorized [] []
[2023-01-29 15:07:52] merlin-logger.DEBUG: Invalid taxonomy. [] []
[2023-01-29 15:07:52] merlin-logger.WARNING: Failed to import product_type variable [] []
[2023-01-29 15:07:52] merlin-logger.DEBUG: Invalid taxonomy. [] []
[2023-01-29 15:07:52] merlin-logger.WARNING: Failed to import product_cat Women [] []
[2023-01-29 15:07:52] merlin-logger.DEBUG: Invalid taxonomy. [] []
[2023-01-29 15:07:52] merlin-logger.INFO: Imported "portfolio-43.jpg" (Media) [] []
[2023-01-29 15:07:52] merlin-logger.DEBUG: Post 311 remapped to 311 [] []
[2023-01-29 15:07:53] merlin-logger.INFO: Imported "portfolio-49.jpg" (Media) [] []
[2023-01-29 15:07:53] merlin-logger.DEBUG: Post 312 remapped to 312 [] []
[2023-01-29 15:07:54] merlin-logger.INFO: Imported "portfolio-43.jpg-1" (Media) [] []
[2023-01-29 15:07:54] merlin-logger.DEBUG: Post 313 remapped to 313 [] []
[2023-01-29 15:07:55] merlin-logger.INFO: Imported "portfolio-44.jpg" (Media) [] []
[2023-01-29 15:07:55] merlin-logger.DEBUG: Post 314 remapped to 314 [] []
[2023-01-29 15:07:57] merlin-logger.INFO: Imported "home-marketing-agency-bg-img-03" (Media) [] []
[2023-01-29 15:07:57] merlin-logger.DEBUG: Post 317 remapped to 317 [] []
[2023-01-29 15:07:58] merlin-logger.INFO: Imported "home-corporate-parallex-bg" (Media) [] []
[2023-01-29 15:07:58] merlin-logger.DEBUG: Post 324 remapped to 324 [] []
[2023-01-29 15:07:59] merlin-logger.INFO: Imported "logo-white-1" (Media) [] []
[2023-01-29 15:07:59] merlin-logger.DEBUG: Post 330 remapped to 330 [] []
[2023-01-29 15:07:59] merlin-logger.INFO: Imported "logo-white-2" (Media) [] []
[2023-01-29 15:07:59] merlin-logger.DEBUG: Post 396 remapped to 396 [] []
[2023-01-29 15:08:01] merlin-logger.INFO: Imported "consulting2" (Media) [] []
[2023-01-29 15:08:01] merlin-logger.DEBUG: Post 842 remapped to 842 [] []
[2023-01-29 15:08:03] merlin-logger.INFO: Imported "business-slide2" (Media) [] []
[2023-01-29 15:08:03] merlin-logger.DEBUG: Post 843 remapped to 843 [] []
[2023-01-29 15:08:04] merlin-logger.INFO: Imported "consulting2-1" (Media) [] []
[2023-01-29 15:08:04] merlin-logger.DEBUG: Post 864 remapped to 864 [] []
[2023-01-29 15:08:05] merlin-logger.INFO: Imported "Ekko-Consulting-–-Just-another-Ekko-site-1" (Media) [] []
[2023-01-29 15:08:05] merlin-logger.DEBUG: Post 866 remapped to 866 [] []
[2023-01-29 15:08:06] merlin-logger.INFO: Imported "consulting3" (Media) [] []
[2023-01-29 15:08:06] merlin-logger.DEBUG: Post 887 remapped to 887 [] []
[2023-01-29 15:08:07] merlin-logger.INFO: Imported "signature-1" (Media) [] []
[2023-01-29 15:08:07] merlin-logger.DEBUG: Post 888 remapped to 888 [] []
[2023-01-29 15:08:07] merlin-logger.INFO: Imported "team1-1" (Media) [] []
[2023-01-29 15:08:07] merlin-logger.DEBUG: Post 927 remapped to 927 [] []
[2023-01-29 15:08:08] merlin-logger.INFO: Imported "team2" (Media) [] []
[2023-01-29 15:08:08] merlin-logger.DEBUG: Post 928 remapped to 928 [] []
[2023-01-29 15:08:08] merlin-logger.INFO: Imported "team3" (Media) [] []
[2023-01-29 15:08:08] merlin-logger.DEBUG: Post 929 remapped to 929 [] []
[2023-01-29 15:08:09] merlin-logger.INFO: Imported "team4" (Media) [] []
[2023-01-29 15:08:09] merlin-logger.DEBUG: Post 930 remapped to 930 [] []
[2023-01-29 15:08:10] merlin-logger.INFO: Imported "blog3" (Media) [] []
[2023-01-29 15:08:10] merlin-logger.DEBUG: Post 933 remapped to 933 [] []
[2023-01-29 15:08:11] merlin-logger.INFO: Imported "blog4" (Media) [] []
[2023-01-29 15:08:11] merlin-logger.DEBUG: Post 934 remapped to 934 [] []
[2023-01-29 15:08:12] merlin-logger.INFO: Imported "blog1" (Media) [] []
[2023-01-29 15:08:12] merlin-logger.DEBUG: Post 935 remapped to 935 [] []
[2023-01-29 15:08:12] merlin-logger.INFO: New AJAX call! [] []
[2023-01-29 15:08:13] merlin-logger.WARNING: Failed to import product_cat Accessories [] []
[2023-01-29 15:08:13] merlin-logger.DEBUG: Invalid taxonomy. [] []
[2023-01-29 15:08:13] merlin-logger.WARNING: Failed to import product_cat Bags [] []
[2023-01-29 15:08:13] merlin-logger.DEBUG: Invalid taxonomy. [] []
[2023-01-29 15:08:13] merlin-logger.WARNING: Failed to import pa_color Blue [] []
[2023-01-29 15:08:13] merlin-logger.DEBUG: Invalid taxonomy. [] []
[2023-01-29 15:08:13] merlin-logger.WARNING: Failed to import product_cat Dress [] []
[2023-01-29 15:08:13] merlin-logger.DEBUG: Invalid taxonomy. [] []
[2023-01-29 15:08:13] merlin-logger.WARNING: Failed to import product_visibility exclude-from-catalog [] []
[2023-01-29 15:08:13] merlin-logger.DEBUG: Invalid taxonomy. [] []
[2023-01-29 15:08:13] merlin-logger.WARNING: Failed to import product_visibility exclude-from-search [] []
[2023-01-29 15:08:13] merlin-logger.DEBUG: Invalid taxonomy. [] []
[2023-01-29 15:08:13] merlin-logger.WARNING: Failed to import product_type external [] []
[2023-01-29 15:08:13] merlin-logger.DEBUG: Invalid taxonomy. [] []
[2023-01-29 15:08:13] merlin-logger.WARNING: Failed to import product_visibility featured [] []
[2023-01-29 15:08:13] merlin-logger.DEBUG: Invalid taxonomy. [] []
[2023-01-29 15:08:13] merlin-logger.WARNING: Failed to import pa_color Gray [] []
[2023-01-29 15:08:13] merlin-logger.DEBUG: Invalid taxonomy. [] []
[2023-01-29 15:08:13] merlin-logger.WARNING: Failed to import pa_color Green [] []
[2023-01-29 15:08:13] merlin-logger.DEBUG: Invalid taxonomy. [] []
[2023-01-29 15:08:13] merlin-logger.WARNING: Failed to import product_type grouped [] []
[2023-01-29 15:08:13] merlin-logger.DEBUG: Invalid taxonomy. [] []
[2023-01-29 15:08:13] merlin-logger.WARNING: Failed to import product_cat Jacket [] []
[2023-01-29 15:08:13] merlin-logger.DEBUG: Invalid taxonomy. [] []
[2023-01-29 15:08:13] merlin-logger.WARNING: Failed to import product_cat Jumpsuit [] []
[2023-01-29 15:08:13] merlin-logger.DEBUG: Invalid taxonomy. [] []
[2023-01-29 15:08:13] merlin-logger.WARNING: Failed to import product_cat Men [] []
[2023-01-29 15:08:13] merlin-logger.DEBUG: Invalid taxonomy. [] []
[2023-01-29 15:08:13] merlin-logger.WARNING: Failed to import product_cat On Sale [] []
[2023-01-29 15:08:13] merlin-logger.DEBUG: Invalid taxonomy. [] []
[2023-01-29 15:08:13] merlin-logger.WARNING: Failed to import product_visibility outofstock [] []
[2023-01-29 15:08:13] merlin-logger.DEBUG: Invalid taxonomy. [] []
[2023-01-29 15:08:13] merlin-logger.WARNING: Failed to import product_visibility rated-1 [] []
[2023-01-29 15:08:13] merlin-logger.DEBUG: Invalid taxonomy. [] []
[2023-01-29 15:08:13] merlin-logger.WARNING: Failed to import product_visibility rated-2 [] []
[2023-01-29 15:08:13] merlin-logger.DEBUG: Invalid taxonomy. [] []
[2023-01-29 15:08:13] merlin-logger.WARNING: Failed to import product_visibility rated-3 [] []
[2023-01-29 15:08:13] merlin-logger.DEBUG: Invalid taxonomy. [] []
[2023-01-29 15:08:13] merlin-logger.WARNING: Failed to import product_visibility rated-4 [] []
[2023-01-29 15:08:13] merlin-logger.DEBUG: Invalid taxonomy. [] []
[2023-01-29 15:08:13] merlin-logger.WARNING: Failed to import product_visibility rated-5 [] []
[2023-01-29 15:08:13] merlin-logger.DEBUG: Invalid taxonomy. [] []
[2023-01-29 15:08:13] merlin-logger.WARNING: Failed to import pa_color Red [] []
[2023-01-29 15:08:13] merlin-logger.DEBUG: Invalid taxonomy. [] []
[2023-01-29 15:08:13] merlin-logger.WARNING: Failed to import product_cat Shoes [] []
[2023-01-29 15:08:13] merlin-logger.DEBUG: Invalid taxonomy. [] []
[2023-01-29 15:08:13] merlin-logger.WARNING: Failed to import product_type simple [] []
[2023-01-29 15:08:13] merlin-logger.DEBUG: Invalid taxonomy. [] []
[2023-01-29 15:08:13] merlin-logger.WARNING: Failed to import product_cat T-Shirts [] []
[2023-01-29 15:08:13] merlin-logger.DEBUG: Invalid taxonomy. [] []
[2023-01-29 15:08:13] merlin-logger.WARNING: Failed to import product_cat Uncategorized [] []
[2023-01-29 15:08:13] merlin-logger.DEBUG: Invalid taxonomy. [] []
[2023-01-29 15:08:13] merlin-logger.WARNING: Failed to import product_type variable [] []
[2023-01-29 15:08:13] merlin-logger.DEBUG: Invalid taxonomy. [] []
[2023-01-29 15:08:13] merlin-logger.WARNING: Failed to import product_cat Women [] []
[2023-01-29 15:08:13] merlin-logger.DEBUG: Invalid taxonomy. [] []
[2023-01-29 15:08:14] merlin-logger.INFO: Imported "shop19" (Media) [] []
[2023-01-29 15:08:14] merlin-logger.DEBUG: Post 3169 remapped to 3169 [] []
[2023-01-29 15:08:15] merlin-logger.INFO: Imported "shop17" (Media) [] []
[2023-01-29 15:08:15] merlin-logger.DEBUG: Post 3170 remapped to 3170 [] []
[2023-01-29 15:08:16] merlin-logger.INFO: Imported "shop16" (Media) [] []
[2023-01-29 15:08:16] merlin-logger.DEBUG: Post 3171 remapped to 3171 [] []
[2023-01-29 15:08:17] merlin-logger.INFO: Imported "shop15" (Media) [] []
[2023-01-29 15:08:17] merlin-logger.DEBUG: Post 3172 remapped to 3172 [] []
[2023-01-29 15:08:18] merlin-logger.INFO: Imported "shop14" (Media) [] []
[2023-01-29 15:08:18] merlin-logger.DEBUG: Post 3173 remapped to 3173 [] []
[2023-01-29 15:08:19] merlin-logger.INFO: Imported "shop13" (Media) [] []
[2023-01-29 15:08:19] merlin-logger.DEBUG: Post 3174 remapped to 3174 [] []
[2023-01-29 15:08:21] merlin-logger.INFO: Imported "shop12" (Media) [] []
[2023-01-29 15:08:21] merlin-logger.DEBUG: Post 3175 remapped to 3175 [] []
[2023-01-29 15:08:22] merlin-logger.INFO: Imported "shop10" (Media) [] []
[2023-01-29 15:08:22] merlin-logger.DEBUG: Post 3176 remapped to 3176 [] []
[2023-01-29 15:08:23] merlin-logger.INFO: Imported "shop9" (Media) [] []
[2023-01-29 15:08:23] merlin-logger.DEBUG: Post 3177 remapped to 3177 [] []
[2023-01-29 15:08:24] merlin-logger.INFO: Imported "shop8" (Media) [] []
[2023-01-29 15:08:24] merlin-logger.DEBUG: Post 3178 remapped to 3178 [] []
[2023-01-29 15:08:25] merlin-logger.INFO: Imported "shop7" (Media) [] []
[2023-01-29 15:08:25] merlin-logger.DEBUG: Post 3179 remapped to 3179 [] []
[2023-01-29 15:08:26] merlin-logger.INFO: Imported "shop6" (Media) [] []
[2023-01-29 15:08:26] merlin-logger.DEBUG: Post 3180 remapped to 3180 [] []
[2023-01-29 15:08:27] merlin-logger.INFO: Imported "shop5" (Media) [] []
[2023-01-29 15:08:27] merlin-logger.DEBUG: Post 3181 remapped to 3181 [] []
[2023-01-29 15:08:29] merlin-logger.INFO: Imported "shop4" (Media) [] []
[2023-01-29 15:08:29] merlin-logger.DEBUG: Post 3182 remapped to 3182 [] []
[2023-01-29 15:08:30] merlin-logger.INFO: Imported "shop3" (Media) [] []
[2023-01-29 15:08:30] merlin-logger.DEBUG: Post 3183 remapped to 3183 [] []
[2023-01-29 15:08:31] merlin-logger.INFO: Imported "shop2" (Media) [] []
[2023-01-29 15:08:31] merlin-logger.DEBUG: Post 3184 remapped to 3184 [] []
[2023-01-29 15:08:32] merlin-logger.INFO: Imported "shop1" (Media) [] []
[2023-01-29 15:08:32] merlin-logger.DEBUG: Post 3185 remapped to 3185 [] []
[2023-01-29 15:08:33] merlin-logger.INFO: Imported "shop16" (Media) [] []
[2023-01-29 15:08:33] merlin-logger.DEBUG: Post 3187 remapped to 3187 [] []
[2023-01-29 15:08:33] merlin-logger.INFO: New AJAX call! [] []
[2023-01-29 15:09:58] merlin-logger.WARNING: Failed to import product_cat Accessories [] []
[2023-01-29 15:09:58] merlin-logger.DEBUG: Invalid taxonomy. [] []
[2023-01-29 15:09:58] merlin-logger.WARNING: Failed to import product_cat Bags [] []
[2023-01-29 15:09:58] merlin-logger.DEBUG: Invalid taxonomy. [] []
[2023-01-29 15:09:58] merlin-logger.WARNING: Failed to import pa_color Blue [] []
[2023-01-29 15:09:58] merlin-logger.DEBUG: Invalid taxonomy. [] []
[2023-01-29 15:09:58] merlin-logger.WARNING: Failed to import product_cat Dress [] []
[2023-01-29 15:09:58] merlin-logger.DEBUG: Invalid taxonomy. [] []
[2023-01-29 15:09:58] merlin-logger.WARNING: Failed to import product_visibility exclude-from-catalog [] []
[2023-01-29 15:09:58] merlin-logger.DEBUG: Invalid taxonomy. [] []
[2023-01-29 15:09:58] merlin-logger.WARNING: Failed to import product_visibility exclude-from-search [] []
[2023-01-29 15:09:58] merlin-logger.DEBUG: Invalid taxonomy. [] []
[2023-01-29 15:09:58] merlin-logger.WARNING: Failed to import product_type external [] []
[2023-01-29 15:09:58] merlin-logger.DEBUG: Invalid taxonomy. [] []
[2023-01-29 15:09:58] merlin-logger.WARNING: Failed to import product_visibility featured [] []
[2023-01-29 15:09:58] merlin-logger.DEBUG: Invalid taxonomy. [] []
[2023-01-29 15:09:58] merlin-logger.WARNING: Failed to import pa_color Gray [] []
[2023-01-29 15:09:58] merlin-logger.DEBUG: Invalid taxonomy. [] []
[2023-01-29 15:09:58] merlin-logger.WARNING: Failed to import pa_color Green [] []
[2023-01-29 15:09:58] merlin-logger.DEBUG: Invalid taxonomy. [] []
[2023-01-29 15:09:58] merlin-logger.WARNING: Failed to import product_type grouped [] []
[2023-01-29 15:09:58] merlin-logger.DEBUG: Invalid taxonomy. [] []
[2023-01-29 15:09:58] merlin-logger.WARNING: Failed to import product_cat Jacket [] []
[2023-01-29 15:09:58] merlin-logger.DEBUG: Invalid taxonomy. [] []
[2023-01-29 15:09:58] merlin-logger.WARNING: Failed to import product_cat Jumpsuit [] []
[2023-01-29 15:09:58] merlin-logger.DEBUG: Invalid taxonomy. [] []
[2023-01-29 15:09:58] merlin-logger.WARNING: Failed to import product_cat Men [] []
[2023-01-29 15:09:58] merlin-logger.DEBUG: Invalid taxonomy. [] []
[2023-01-29 15:09:58] merlin-logger.WARNING: Failed to import product_cat On Sale [] []
[2023-01-29 15:09:58] merlin-logger.DEBUG: Invalid taxonomy. [] []
[2023-01-29 15:09:58] merlin-logger.WARNING: Failed to import product_visibility outofstock [] []
[2023-01-29 15:09:58] merlin-logger.DEBUG: Invalid taxonomy. [] []
[2023-01-29 15:09:58] merlin-logger.WARNING: Failed to import product_visibility rated-1 [] []
[2023-01-29 15:09:58] merlin-logger.DEBUG: Invalid taxonomy. [] []
[2023-01-29 15:09:58] merlin-logger.WARNING: Failed to import product_visibility rated-2 [] []
[2023-01-29 15:09:58] merlin-logger.DEBUG: Invalid taxonomy. [] []
[2023-01-29 15:09:58] merlin-logger.WARNING: Failed to import product_visibility rated-3 [] []
[2023-01-29 15:09:58] merlin-logger.DEBUG: Invalid taxonomy. [] []
[2023-01-29 15:09:58] merlin-logger.WARNING: Failed to import product_visibility rated-4 [] []
[2023-01-29 15:09:58] merlin-logger.DEBUG: Invalid taxonomy. [] []
[2023-01-29 15:09:58] merlin-logger.WARNING: Failed to import product_visibility rated-5 [] []
[2023-01-29 15:09:58] merlin-logger.DEBUG: Invalid taxonomy. [] []
[2023-01-29 15:09:58] merlin-logger.WARNING: Failed to import pa_color Red [] []
[2023-01-29 15:09:58] merlin-logger.DEBUG: Invalid taxonomy. [] []
[2023-01-29 15:09:58] merlin-logger.WARNING: Failed to import product_cat Shoes [] []
[2023-01-29 15:09:58] merlin-logger.DEBUG: Invalid taxonomy. [] []
[2023-01-29 15:09:58] merlin-logger.WARNING: Failed to import product_type simple [] []
[2023-01-29 15:09:58] merlin-logger.DEBUG: Invalid taxonomy. [] []
[2023-01-29 15:09:58] merlin-logger.WARNING: Failed to import product_cat T-Shirts [] []
[2023-01-29 15:09:58] merlin-logger.DEBUG: Invalid taxonomy. [] []
[2023-01-29 15:09:58] merlin-logger.WARNING: Failed to import product_cat Uncategorized [] []
[2023-01-29 15:09:58] merlin-logger.DEBUG: Invalid taxonomy. [] []
[2023-01-29 15:09:58] merlin-logger.WARNING: Failed to import product_type variable [] []
[2023-01-29 15:09:58] merlin-logger.DEBUG: Invalid taxonomy. [] []
[2023-01-29 15:09:58] merlin-logger.WARNING: Failed to import product_cat Women [] []
[2023-01-29 15:09:58] merlin-logger.DEBUG: Invalid taxonomy. [] []
[2023-01-29 15:09:58] merlin-logger.INFO: Media "kisspng-computer-icons-google-logo-online-advertising-g-icon-5b463ee2e3e387.6316928415313302749334" already exists. [] []
[2023-01-29 15:09:58] merlin-logger.INFO: Media "slide" already exists. [] []
[2023-01-29 15:09:58] merlin-logger.INFO: Media "icon-1" already exists. [] []
[2023-01-29 15:09:58] merlin-logger.INFO: Media "icon2" already exists. [] []
[2023-01-29 15:09:58] merlin-logger.INFO: Media "icon-3" already exists. [] []
[2023-01-29 15:09:58] merlin-logger.INFO: Media "icon-4" already exists. [] []
[2023-01-29 15:09:58] merlin-logger.INFO: Media "icon-2" already exists. [] []
[2023-01-29 15:09:58] merlin-logger.INFO: Media "Humaaans - 3 Characters" already exists. [] []
[2023-01-29 15:09:58] merlin-logger.INFO: Media "banner" already exists. [] []
[2023-01-29 15:09:58] merlin-logger.INFO: Media "woocommerce-placeholder" already exists. [] []
[2023-01-29 15:09:58] merlin-logger.INFO: Media "shot-slider (1)-min" already exists. [] []
[2023-01-29 15:09:58] merlin-logger.INFO: Media "post_03-1280x854" already exists. [] []
[2023-01-29 15:09:58] merlin-logger.INFO: Media "post_15-1280x854" already exists. [] []
[2023-01-29 15:09:58] merlin-logger.INFO: Media "post_10" already exists. [] []
[2023-01-29 15:09:58] merlin-logger.INFO: Media "post_12" already exists. [] []
[2023-01-29 15:09:58] merlin-logger.INFO: Media "post_05" already exists. [] []
[2023-01-29 15:09:58] merlin-logger.INFO: Media "post_01" already exists. [] []
[2023-01-29 15:09:58] merlin-logger.INFO: Media "banner-1" already exists. [] []
[2023-01-29 15:09:58] merlin-logger.INFO: Media "MaxPixel.net-Guy-Table-Beard-People-Laptop-Man-Lamp-Window-2605980" already exists. [] []
[2023-01-29 15:09:58] merlin-logger.INFO: Media "payment" already exists. [] []
[2023-01-29 15:09:58] merlin-logger.INFO: Media "MaxPixel.net-Office-Airbook-Creative-Mac-Apple-Home-Office-581131" already exists. [] []
[2023-01-29 15:09:58] merlin-logger.INFO: Media "MaxPixel.net-Marketing-Businesswoman-Businessman-3468598" already exists. [] []
[2023-01-29 15:09:58] merlin-logger.INFO: Media "about" already exists. [] []
[2023-01-29 15:09:58] merlin-logger.INFO: Media "team-member-4" already exists. [] []
[2023-01-29 15:09:58] merlin-logger.INFO: Media "team-member-3" already exists. [] []
[2023-01-29 15:09:58] merlin-logger.INFO: Media "team-member-1" already exists. [] []
[2023-01-29 15:09:58] merlin-logger.INFO: Media "team-member-3-1" already exists. [] []
[2023-01-29 15:09:58] merlin-logger.INFO: Media "team-member-2" already exists. [] []
[2023-01-29 15:09:58] merlin-logger.INFO: Media "man-working-min" already exists. [] []
[2023-01-29 15:09:58] merlin-logger.INFO: Media "team-member-4" already exists. [] []
[2023-01-29 15:09:58] merlin-logger.INFO: Media "icon7" already exists. [] []
[2023-01-29 15:09:58] merlin-logger.INFO: Media "icon5" already exists. [] []
[2023-01-29 15:09:58] merlin-logger.INFO: Media "icon8" already exists. [] []
[2023-01-29 15:09:58] merlin-logger.INFO: Media "slider1" already exists. [] []
[2023-01-29 15:09:58] merlin-logger.INFO: Media "portfolio-48.jpg-1" already exists. [] []
[2023-01-29 15:09:58] merlin-logger.INFO: Media "portfolio-209.jpg" already exists. [] []
[2023-01-29 15:09:58] merlin-logger.INFO: Media "portfolio-43.jpg" already exists. [] []
[2023-01-29 15:09:58] merlin-logger.INFO: Media "portfolio-49.jpg" already exists. [] []
[2023-01-29 15:09:58] merlin-logger.INFO: Media "portfolio-43.jpg-1" already exists. [] []
[2023-01-29 15:09:58] merlin-logger.INFO: Media "portfolio-44.jpg" already exists. [] []
[2023-01-29 15:09:58] merlin-logger.INFO: Media "home-marketing-agency-bg-img-03" already exists. [] []
[2023-01-29 15:09:58] merlin-logger.INFO: Media "home-corporate-parallex-bg" already exists. [] []
[2023-01-29 15:09:58] merlin-logger.INFO: Media "logo-white-1" already exists. [] []
[2023-01-29 15:09:58] merlin-logger.INFO: Media "logo-white-2" already exists. [] []
[2023-01-29 15:09:58] merlin-logger.INFO: Media "consulting2" already exists. [] []
[2023-01-29 15:09:58] merlin-logger.INFO: Media "business-slide2" already exists. [] []
[2023-01-29 15:09:58] merlin-logger.INFO: Media "consulting2-1" already exists. [] []
[2023-01-29 15:09:58] merlin-logger.INFO: Media "Ekko-Consulting-–-Just-another-Ekko-site-1" already exists. [] []
[2023-01-29 15:09:58] merlin-logger.INFO: Media "consulting3" already exists. [] []
[2023-01-29 15:09:58] merlin-logger.INFO: Media "signature-1" already exists. [] []
[2023-01-29 15:09:58] merlin-logger.INFO: Media "team1-1" already exists. [] []
[2023-01-29 15:09:58] merlin-logger.INFO: Media "team2" already exists. [] []
[2023-01-29 15:09:58] merlin-logger.INFO: Media "team3" already exists. [] []
[2023-01-29 15:09:58] merlin-logger.INFO: Media "team4" already exists. [] []
[2023-01-29 15:09:58] merlin-logger.INFO: Media "blog3" already exists. [] []
[2023-01-29 15:09:58] merlin-logger.INFO: Media "blog4" already exists. [] []
[2023-01-29 15:09:58] merlin-logger.INFO: Media "blog1" already exists. [] []
[2023-01-29 15:09:58] merlin-logger.INFO: Media "shop19" already exists. [] []
[2023-01-29 15:09:58] merlin-logger.INFO: Media "shop17" already exists. [] []
[2023-01-29 15:09:58] merlin-logger.INFO: Media "shop16" already exists. [] []
[2023-01-29 15:09:58] merlin-logger.INFO: Media "shop15" already exists. [] []
[2023-01-29 15:09:58] merlin-logger.INFO: Media "shop14" already exists. [] []
[2023-01-29 15:09:58] merlin-logger.INFO: Media "shop13" already exists. [] []
[2023-01-29 15:09:58] merlin-logger.INFO: Media "shop12" already exists. [] []
[2023-01-29 15:09:58] merlin-logger.INFO: Media "shop10" already exists. [] []
[2023-01-29 15:09:58] merlin-logger.INFO: Media "shop9" already exists. [] []
[2023-01-29 15:09:58] merlin-logger.INFO: Media "shop8" already exists. [] []
[2023-01-29 15:09:58] merlin-logger.INFO: Media "shop7" already exists. [] []
[2023-01-29 15:09:58] merlin-logger.INFO: Media "shop6" already exists. [] []
[2023-01-29 15:09:58] merlin-logger.INFO: Media "shop5" already exists. [] []
[2023-01-29 15:09:58] merlin-logger.INFO: Media "shop4" already exists. [] []
[2023-01-29 15:09:58] merlin-logger.INFO: Media "shop3" already exists. [] []
[2023-01-29 15:09:58] merlin-logger.INFO: Media "shop2" already exists. [] []
[2023-01-29 15:09:58] merlin-logger.INFO: Media "shop1" already exists. [] []
[2023-01-29 15:09:58] merlin-logger.INFO: Media "shop16" already exists. [] []
[2023-01-29 15:10:00] merlin-logger.INFO: Imported "woocommerce-placeholder" (Media) [] []
[2023-01-29 15:10:00] merlin-logger.DEBUG: Post 3206 remapped to 3206 [] []
[2023-01-29 15:10:00] merlin-logger.INFO: Imported "Home" (Navigation Menu Item) [] []
[2023-01-29 15:10:00] merlin-logger.DEBUG: Post 3210 remapped to 3210 [] []
[2023-01-29 15:10:00] merlin-logger.DEBUG: Processing menu item custom [] []
[2023-01-29 15:10:00] merlin-logger.DEBUG: Menu item 3210 mapped to 3210 [] []
[2023-01-29 15:10:02] merlin-logger.INFO: Imported "feature-image" (Media) [] []
[2023-01-29 15:10:02] merlin-logger.DEBUG: Post 3410 remapped to 3410 [] []
[2023-01-29 15:10:03] merlin-logger.INFO: Imported "logo-dark-2" (Media) [] []
[2023-01-29 15:10:03] merlin-logger.DEBUG: Post 3438 remapped to 3438 [] []
[2023-01-29 15:10:05] merlin-logger.INFO: Imported "notebook-man-working-person-people-notepad-764641-pxhere.com" (Media) [] []
[2023-01-29 15:10:05] merlin-logger.DEBUG: Post 3464 remapped to 3464 [] []
[2023-01-29 15:10:05] merlin-logger.INFO: Imported "Home" (Page) [] []
[2023-01-29 15:10:05] merlin-logger.DEBUG: Post 24 remapped to 24 [] []
[2023-01-29 15:10:05] merlin-logger.INFO: Imported "About Us" (Page) [] []
[2023-01-29 15:10:05] merlin-logger.DEBUG: Post 25 remapped to 25 [] []
[2023-01-29 15:10:05] merlin-logger.INFO: Imported "Contact" (Page) [] []
[2023-01-29 15:10:05] merlin-logger.DEBUG: Post 26 remapped to 26 [] []
[2023-01-29 15:10:05] merlin-logger.INFO: Imported "Services" (Page) [] []
[2023-01-29 15:10:05] merlin-logger.DEBUG: Post 27 remapped to 27 [] []
[2023-01-29 15:10:05] merlin-logger.INFO: Imported "Blog" (Page) [] []
[2023-01-29 15:10:05] merlin-logger.DEBUG: Post 32 remapped to 32 [] []
[2023-01-29 15:10:05] merlin-logger.INFO: Imported "Shop" (Page) [] []
[2023-01-29 15:10:05] merlin-logger.DEBUG: Post 151 remapped to 151 [] []
[2023-01-29 15:10:05] merlin-logger.INFO: Imported "Cart" (Page) [] []
[2023-01-29 15:10:05] merlin-logger.DEBUG: Post 152 remapped to 152 [] []
[2023-01-29 15:10:05] merlin-logger.INFO: Imported "Checkout" (Page) [] []
[2023-01-29 15:10:05] merlin-logger.DEBUG: Post 153 remapped to 153 [] []
[2023-01-29 15:10:05] merlin-logger.INFO: Imported "Refund and Returns Policy" (Page) [] []
[2023-01-29 15:10:05] merlin-logger.DEBUG: Post 155 remapped to 155 [] []
[2023-01-29 15:10:05] merlin-logger.INFO: Imported "" (Navigation Menu Item) [] []
[2023-01-29 15:10:05] merlin-logger.DEBUG: Post 3211 remapped to 3211 [] []
[2023-01-29 15:10:05] merlin-logger.DEBUG: Processing menu item post_type [] []
[2023-01-29 15:10:05] merlin-logger.DEBUG: Menu item 25 mapped to 25 [] []
[2023-01-29 15:10:05] merlin-logger.INFO: Imported "" (Navigation Menu Item) [] []
[2023-01-29 15:10:05] merlin-logger.DEBUG: Post 3212 remapped to 3212 [] []
[2023-01-29 15:10:05] merlin-logger.DEBUG: Processing menu item post_type [] []
[2023-01-29 15:10:05] merlin-logger.DEBUG: Menu item 32 mapped to 32 [] []
[2023-01-29 15:10:05] merlin-logger.INFO: Imported "" (Navigation Menu Item) [] []
[2023-01-29 15:10:05] merlin-logger.DEBUG: Post 3215 remapped to 3215 [] []
[2023-01-29 15:10:05] merlin-logger.DEBUG: Processing menu item post_type [] []
[2023-01-29 15:10:05] merlin-logger.DEBUG: Menu item 26 mapped to 26 [] []
[2023-01-29 15:10:05] merlin-logger.INFO: Imported "" (Navigation Menu Item) [] []
[2023-01-29 15:10:05] merlin-logger.DEBUG: Post 3216 remapped to 3216 [] []
[2023-01-29 15:10:05] merlin-logger.DEBUG: Processing menu item post_type [] []
[2023-01-29 15:10:05] merlin-logger.INFO: Imported "" (Navigation Menu Item) [] []
[2023-01-29 15:10:05] merlin-logger.DEBUG: Post 3220 remapped to 3220 [] []
[2023-01-29 15:10:05] merlin-logger.DEBUG: Processing menu item post_type [] []
[2023-01-29 15:10:05] merlin-logger.DEBUG: Menu item 27 mapped to 27 [] []
[2023-01-29 15:10:05] merlin-logger.INFO: Imported "" (Navigation Menu Item) [] []
[2023-01-29 15:10:05] merlin-logger.DEBUG: Post 3221 remapped to 3221 [] []
[2023-01-29 15:10:05] merlin-logger.DEBUG: Processing menu item post_type [] []
[2023-01-29 15:10:05] merlin-logger.DEBUG: Menu item 151 mapped to 151 [] []
[2023-01-29 15:10:05] merlin-logger.INFO: Imported "" (Navigation Menu Item) [] []
[2023-01-29 15:10:05] merlin-logger.DEBUG: Post 3313 remapped to 3313 [] []
[2023-01-29 15:10:05] merlin-logger.DEBUG: Processing menu item post_type [] []
[2023-01-29 15:10:05] merlin-logger.DEBUG: Menu item 151 mapped to 151 [] []
[2023-01-29 15:10:05] merlin-logger.INFO: Imported "" (Navigation Menu Item) [] []
[2023-01-29 15:10:05] merlin-logger.DEBUG: Post 3314 remapped to 3314 [] []
[2023-01-29 15:10:05] merlin-logger.DEBUG: Processing menu item post_type [] []
[2023-01-29 15:10:05] merlin-logger.DEBUG: Menu item 32 mapped to 32 [] []
[2023-01-29 15:10:05] merlin-logger.INFO: Imported "" (Navigation Menu Item) [] []
[2023-01-29 15:10:05] merlin-logger.DEBUG: Post 3315 remapped to 3315 [] []
[2023-01-29 15:10:05] merlin-logger.DEBUG: Processing menu item post_type [] []
[2023-01-29 15:10:05] merlin-logger.DEBUG: Menu item 27 mapped to 27 [] []
[2023-01-29 15:10:05] merlin-logger.INFO: Imported "" (Navigation Menu Item) [] []
[2023-01-29 15:10:05] merlin-logger.DEBUG: Post 3316 remapped to 3316 [] []
[2023-01-29 15:10:05] merlin-logger.DEBUG: Processing menu item post_type [] []
[2023-01-29 15:10:05] merlin-logger.DEBUG: Menu item 26 mapped to 26 [] []
[2023-01-29 15:10:05] merlin-logger.INFO: Imported "" (Navigation Menu Item) [] []
[2023-01-29 15:10:05] merlin-logger.DEBUG: Post 3317 remapped to 3317 [] []
[2023-01-29 15:10:05] merlin-logger.DEBUG: Processing menu item post_type [] []
[2023-01-29 15:10:05] merlin-logger.DEBUG: Menu item 25 mapped to 25 [] []
[2023-01-29 15:10:05] merlin-logger.INFO: Imported "Sample Page" (Page) [] []
[2023-01-29 15:10:05] merlin-logger.DEBUG: Post 2 remapped to 3465 [] []
[2023-01-29 15:10:05] merlin-logger.INFO: Imported "My account" (Page) [] []
[2023-01-29 15:10:05] merlin-logger.DEBUG: Post 154 remapped to 154 [] []
[2023-01-29 15:10:05] merlin-logger.INFO: Imported "Plan your business properly" (Post) [] []
[2023-01-29 15:10:05] merlin-logger.DEBUG: Post 164 remapped to 164 [] []
[2023-01-29 15:10:05] merlin-logger.INFO: Imported "Hire Your Virtual Assistant" (Post) [] []
[2023-01-29 15:10:05] merlin-logger.DEBUG: Post 165 remapped to 165 [] []
[2023-01-29 15:10:05] merlin-logger.INFO: Imported "How to Work with a Virtual Assistant" (Post) [] []
[2023-01-29 15:10:05] merlin-logger.DEBUG: Post 166 remapped to 166 [] []
[2023-01-29 15:10:05] merlin-logger.INFO: Imported "How to give quality support" (Post) [] []
[2023-01-29 15:10:05] merlin-logger.DEBUG: Post 167 remapped to 167 [] []
[2023-01-29 15:10:05] merlin-logger.INFO: Imported "How do we develop quality code?" (Post) [] []
[2023-01-29 15:10:05] merlin-logger.DEBUG: Post 168 remapped to 168 [] []
[2023-01-29 15:10:05] merlin-logger.INFO: Imported "We carefully craft these beauties" (Post) [] []
[2023-01-29 15:10:05] merlin-logger.DEBUG: Post 169 remapped to 169 [] []
[2023-01-29 15:10:05] merlin-logger.INFO: Imported "Team" (Page) [] []
[2023-01-29 15:10:05] merlin-logger.DEBUG: Post 3190 remapped to 3190 [] []
[2023-01-29 15:10:05] merlin-logger.INFO: Imported "Testimonials" (Page) [] []
[2023-01-29 15:10:05] merlin-logger.DEBUG: Post 3198 remapped to 3198 [] []
[2023-01-29 15:10:05] merlin-logger.INFO: Imported "Faq" (Page) [] []
[2023-01-29 15:10:05] merlin-logger.DEBUG: Post 3201 remapped to 3201 [] []
[2023-01-29 15:10:05] merlin-logger.INFO: Imported "Slider Home" (Page) [] []
[2023-01-29 15:10:05] merlin-logger.DEBUG: Post 3254 remapped to 3254 [] []
[2023-01-29 15:10:05] merlin-logger.INFO: Imported "Test Page" (Page) [] []
[2023-01-29 15:10:05] merlin-logger.DEBUG: Post 3375 remapped to 3375 [] []
[2023-01-29 15:10:05] merlin-logger.INFO: Imported "fdasfa" (Page) [] []
[2023-01-29 15:10:05] merlin-logger.DEBUG: Post 3385 remapped to 3385 [] []
[2023-01-29 15:10:05] merlin-logger.INFO: Imported "dfasfasf" (Page) [] []
[2023-01-29 15:10:05] merlin-logger.DEBUG: Post 3396 remapped to 3396 [] []
[2023-01-29 15:10:05] merlin-logger.INFO: Imported "Single Post (Sidebar on right)" (Post) [] []
[2023-01-29 15:10:05] merlin-logger.DEBUG: Post 3408 remapped to 3408 [] []
[2023-01-29 15:10:05] merlin-logger.INFO: Imported "test" (Page) [] []
[2023-01-29 15:10:05] merlin-logger.DEBUG: Post 3420 remapped to 3420 [] []
[2023-01-29 15:10:05] merlin-logger.INFO: Imported "Single Page (Sidebar on Left)" (Page) [] []
[2023-01-29 15:10:05] merlin-logger.DEBUG: Post 3427 remapped to 3427 [] []
[2023-01-29 15:10:05] merlin-logger.INFO: Imported "Single Page (Sidebar on Right)" (Page) [] []
[2023-01-29 15:10:05] merlin-logger.DEBUG: Post 3428 remapped to 3428 [] []
[2023-01-29 15:10:05] merlin-logger.INFO: Imported "Single Page (No Sidebar Full Width)" (Page) [] []
[2023-01-29 15:10:05] merlin-logger.DEBUG: Post 3429 remapped to 3429 [] []
[2023-01-29 15:10:05] merlin-logger.WARNING: Failed to import "Split Crossbody Bucket Bag": Invalid post type product [] []
[2023-01-29 15:10:05] merlin-logger.WARNING: Failed to import "Shimmer Long Sleeve Dress": Invalid post type product [] []
[2023-01-29 15:10:05] merlin-logger.WARNING: Failed to import "Leather Jacket": Invalid post type product [] []
[2023-01-29 15:10:05] merlin-logger.WARNING: Failed to import "Jacket Zara For Man": Invalid post type product [] []
[2023-01-29 15:10:05] merlin-logger.WARNING: Failed to import "Geometric Print Shirt": Invalid post type product [] []
[2023-01-29 15:10:05] merlin-logger.WARNING: Failed to import "Jeans Jacket": Invalid post type product [] []
[2023-01-29 15:10:05] merlin-logger.WARNING: Failed to import "Neck T-Shirt Gray": Invalid post type product [] []
[2023-01-29 15:10:05] merlin-logger.WARNING: Failed to import "Hoodu Cute Dress": Invalid post type product [] []
[2023-01-29 15:10:05] merlin-logger.WARNING: Failed to import "Printed  Hoodies": Invalid post type product [] []
[2023-01-29 15:10:05] merlin-logger.WARNING: Failed to import "Twin Zigzag Shirt": Invalid post type product [] []
[2023-01-29 15:10:05] merlin-logger.WARNING: Failed to import "Striped Jacquard Sweater": Invalid post type product [] []
[2023-01-29 15:10:05] merlin-logger.WARNING: Failed to import "Vinyl High-Heel Shoes": Invalid post type product [] []
[2023-01-29 15:10:05] merlin-logger.WARNING: Failed to import "Leather Handbag Pures": Invalid post type product [] []
[2023-01-29 15:10:05] merlin-logger.WARNING: Failed to import "Party Shoes": Invalid post type product [] []
[2023-01-29 15:10:05] merlin-logger.WARNING: Failed to import "Fabric Top High Sneakers": Invalid post type product [] []
[2023-01-29 15:10:05] merlin-logger.WARNING: Failed to import "Long Sleeve Dress": Invalid post type product [] []
[2023-01-29 15:10:05] merlin-logger.WARNING: Failed to import "Jacket With Striped": Invalid post type product [] []
[2023-01-29 15:10:05] merlin-logger.INFO: Imported "Single Post (Sidebar on Left)" (Post) [] []
[2023-01-29 15:10:05] merlin-logger.DEBUG: Post 3406 remapped to 3406 [] []
[2023-01-29 15:10:05] merlin-logger.INFO: Imported "Single Post (Sidebar on Right)" (Post) [] []
[2023-01-29 15:10:05] merlin-logger.DEBUG: Post 3407 remapped to 3407 [] []
[2023-01-29 15:10:05] merlin-logger.INFO: Imported "Single Post (No Sidebar Full Width)" (Post) [] []
[2023-01-29 15:10:05] merlin-logger.DEBUG: Post 3409 remapped to 3409 [] []
[2023-01-29 15:10:05] merlin-logger.WARNING: Failed to import "Denim Jumpsuit": Invalid post type product [] []
[2023-01-29 15:10:05] merlin-logger.WARNING: Failed to import "Bucket Bag With Rings": Invalid post type product [] []
[2023-01-29 15:10:05] merlin-logger.WARNING: Failed to import "Shirt Mango Gray": Invalid post type product [] []
[2023-01-29 15:10:05] merlin-logger.INFO: Imported "Custom Styles" (Global Styles) [] []
[2023-01-29 15:10:05] merlin-logger.DEBUG: Post 3205 remapped to 3205 [] []
[2023-01-29 15:10:05] merlin-logger.INFO: Imported "Header navigation" (Navigation Menu) [] []
[2023-01-29 15:10:05] merlin-logger.DEBUG: Post 3208 remapped to 3208 [] []
[2023-01-29 15:10:05] merlin-logger.INFO: Imported "Header Menu" (Navigation Menu) [] []
[2023-01-29 15:10:05] merlin-logger.DEBUG: Post 3224 remapped to 3224 [] []
[2023-01-29 15:10:05] merlin-logger.INFO: Imported "Custom Styles" (Global Styles) [] []
[2023-01-29 15:10:05] merlin-logger.DEBUG: Post 3244 remapped to 3244 [] []
[2023-01-29 15:10:05] merlin-logger.INFO: Imported "Header Menu" (Navigation Menu) [] []
[2023-01-29 15:10:05] merlin-logger.DEBUG: Post 3305 remapped to 3305 [] []
[2023-01-29 15:10:05] merlin-logger.INFO: Imported "Footer Menu" (Navigation Menu) [] []
[2023-01-29 15:10:05] merlin-logger.DEBUG: Post 3318 remapped to 3318 [] []
[2023-01-29 15:10:05] merlin-logger.INFO: Imported "Single Post" (Template) [] []
[2023-01-29 15:10:05] merlin-logger.DEBUG: Post 3334 remapped to 3334 [] []
[2023-01-29 15:10:05] merlin-logger.INFO: Imported "Page (No Title)" (Template) [] []
[2023-01-29 15:10:05] merlin-logger.DEBUG: Post 3354 remapped to 3354 [] []
[2023-01-29 15:10:05] merlin-logger.INFO: Imported "Archive (Sidebar on Right)" (Template) [] []
[2023-01-29 15:10:05] merlin-logger.DEBUG: Post 3357 remapped to 3357 [] []
[2023-01-29 15:10:05] merlin-logger.INFO: Imported "Archive (Sidebar on left)" (Template) [] []
[2023-01-29 15:10:05] merlin-logger.DEBUG: Post 3358 remapped to 3358 [] []
[2023-01-29 15:10:05] merlin-logger.INFO: Imported "Single Page (Sidebar on Left)" (Template) [] []
[2023-01-29 15:10:05] merlin-logger.DEBUG: Post 3359 remapped to 3359 [] []
[2023-01-29 15:10:05] merlin-logger.INFO: Imported "Single Page (Sidebar on right)" (Template) [] []
[2023-01-29 15:10:05] merlin-logger.DEBUG: Post 3360 remapped to 3360 [] []
[2023-01-29 15:10:05] merlin-logger.INFO: Imported "Single Page (No Sidebar Full Width)" (Template) [] []
[2023-01-29 15:10:05] merlin-logger.DEBUG: Post 3361 remapped to 3361 [] []
[2023-01-29 15:10:05] merlin-logger.INFO: Imported "Single Post (Sidebar on Left)" (Template) [] []
[2023-01-29 15:10:05] merlin-logger.DEBUG: Post 3362 remapped to 3362 [] []
[2023-01-29 15:10:05] merlin-logger.INFO: Imported "Single Post (Sidebar on right)" (Template) [] []
[2023-01-29 15:10:05] merlin-logger.DEBUG: Post 3363 remapped to 3363 [] []
[2023-01-29 15:10:05] merlin-logger.INFO: Imported "Single Post (No Sidebar Full Width)" (Template) [] []
[2023-01-29 15:10:05] merlin-logger.DEBUG: Post 3364 remapped to 3364 [] []
[2023-01-29 15:10:05] merlin-logger.INFO: Imported "Page" (Template) [] []
[2023-01-29 15:10:05] merlin-logger.DEBUG: Post 3387 remapped to 3387 [] []
[2023-01-29 15:10:05] merlin-logger.INFO: Imported "Header" (Template Part) [] []
[2023-01-29 15:10:05] merlin-logger.DEBUG: Post 3225 remapped to 3225 [] []
[2023-01-29 15:10:05] merlin-logger.INFO: Imported "Contact form 1" (Contact Form) [] []
[2023-01-29 15:10:05] merlin-logger.DEBUG: Post 3231 remapped to 3231 [] []
[2023-01-29 15:10:05] merlin-logger.INFO: Imported "Footer" (Template Part) [] []
[2023-01-29 15:10:05] merlin-logger.DEBUG: Post 3306 remapped to 3306 [] []
[2023-01-29 15:10:05] merlin-logger.INFO: Imported "Header ( Normal )" (Template Part) [] []
[2023-01-29 15:10:05] merlin-logger.DEBUG: Post 3436 remapped to 3436 [] []
[2023-01-29 15:10:05] merlin-logger.INFO: Imported "Archive ( No Sidebar Full Width )" (Template) [] []
[2023-01-29 15:10:05] merlin-logger.DEBUG: Post 3441 remapped to 3441 [] []
[2023-01-29 15:10:05] merlin-logger.INFO: Imported "Single Post (Sidebar on Left)" (Template) [] []
[2023-01-29 15:10:05] merlin-logger.DEBUG: Post 3493 remapped to 3493 [] []
[2023-01-29 15:10:05] merlin-logger.INFO: Imported "Search" (Template) [] []
[2023-01-29 15:10:05] merlin-logger.DEBUG: Post 3497 remapped to 3497 [] []
[2023-01-29 15:10:05] merlin-logger.INFO: Imported "Single Post (Sidebar on Right)" (Template) [] []
[2023-01-29 15:10:05] merlin-logger.DEBUG: Post 3498 remapped to 3498 [] []
[2023-01-29 15:10:05] merlin-logger.INFO: Imported "Home" (Template) [] []
[2023-01-29 15:10:05] merlin-logger.DEBUG: Post 3499 remapped to 3499 [] []
[2023-01-29 15:10:05] merlin-logger.INFO: Imported "Single Page (Sidebar on Right)" (Template) [] []
[2023-01-29 15:10:05] merlin-logger.DEBUG: Post 3500 remapped to 3500 [] []
[2023-01-29 15:10:05] merlin-logger.INFO: Imported "Sidebar" (Template Part) [] []
[2023-01-29 15:10:05] merlin-logger.DEBUG: Post 3502 remapped to 3502 [] []
[2023-01-29 15:10:05] merlin-logger.INFO: Imported "Archive" (Template) [] []
[2023-01-29 15:10:05] merlin-logger.DEBUG: Post 3503 remapped to 3503 [] []
[2023-01-29 15:10:05] merlin-logger.INFO: Imported "Blog Page (Sidebar on Right)" (Template) [] []
[2023-01-29 15:10:05] merlin-logger.DEBUG: Post 3504 remapped to 3504 [] []
[2023-01-29 15:10:05] merlin-logger.INFO: Imported "404" (Template) [] []
[2023-01-29 15:10:05] merlin-logger.DEBUG: Post 3505 remapped to 3505 [] []
[2023-01-29 15:10:05] merlin-logger.INFO: Imported "Blog Page (Sidebar on Left)" (Template) [] []
[2023-01-29 15:10:05] merlin-logger.DEBUG: Post 3507 remapped to 3507 [] []
[2023-01-29 15:10:05] merlin-logger.INFO: Imported "Header (Dark)" (Template Part) [] []
[2023-01-29 15:10:05] merlin-logger.DEBUG: Post 3509 remapped to 3509 [] []
[2023-01-29 15:10:05] merlin-logger.DEBUG: Running post-processing for post 3206 [] []
[2023-01-29 15:10:05] merlin-logger.WARNING: Could not find the author for "woocommerce-placeholder" (post #3206) [] []
[2023-01-29 15:10:05] merlin-logger.DEBUG: Post 3206 was imported with author "ibrahemelnawsaty", but could not be found [] []
[2023-01-29 15:10:05] merlin-logger.DEBUG: Post 3206 was marked for post-processing, but none was required. [] []
[2023-01-29 15:10:05] merlin-logger.DEBUG: Running post-processing for post 3210 [] []
[2023-01-29 15:10:05] merlin-logger.WARNING: Could not find the author for "Home" (post #3210) [] []
[2023-01-29 15:10:05] merlin-logger.DEBUG: Post 3210 was imported with author "ibrahemelnawsaty", but could not be found [] []
[2023-01-29 15:10:05] merlin-logger.DEBUG: Post 3210 was marked for post-processing, but none was required. [] []
[2023-01-29 15:10:05] merlin-logger.DEBUG: Running post-processing for post 3410 [] []
[2023-01-29 15:10:05] merlin-logger.WARNING: Could not find the author for "feature-image" (post #3410) [] []
[2023-01-29 15:10:05] merlin-logger.DEBUG: Post 3410 was imported with author "ibrahemelnawsaty", but could not be found [] []
[2023-01-29 15:10:05] merlin-logger.DEBUG: Running post-processing for post 3438 [] []
[2023-01-29 15:10:05] merlin-logger.WARNING: Could not find the author for "logo-dark-2" (post #3438) [] []
[2023-01-29 15:10:05] merlin-logger.DEBUG: Post 3438 was imported with author "ibrahemelnawsaty", but could not be found [] []
[2023-01-29 15:10:05] merlin-logger.DEBUG: Post 3438 was marked for post-processing, but none was required. [] []
[2023-01-29 15:10:05] merlin-logger.DEBUG: Running post-processing for post 3464 [] []
[2023-01-29 15:10:05] merlin-logger.WARNING: Could not find the author for "notebook-man-working-person-people-notepad-764641-pxhere.com" (post #3464) [] []
[2023-01-29 15:10:05] merlin-logger.DEBUG: Post 3464 was imported with author "ibrahemelnawsaty", but could not be found [] []
[2023-01-29 15:10:05] merlin-logger.DEBUG: Running post-processing for post 24 [] []
[2023-01-29 15:10:05] merlin-logger.WARNING: Could not find the author for "Home" (post #24) [] []
[2023-01-29 15:10:05] merlin-logger.DEBUG: Post 24 was imported with author "ibrahemelnawsaty", but could not be found [] []
[2023-01-29 15:10:05] merlin-logger.DEBUG: Post 24 was marked for post-processing, but none was required. [] []
[2023-01-29 15:10:05] merlin-logger.DEBUG: Running post-processing for post 25 [] []
[2023-01-29 15:10:05] merlin-logger.WARNING: Could not find the author for "About Us" (post #25) [] []
[2023-01-29 15:10:05] merlin-logger.DEBUG: Post 25 was imported with author "ibrahemelnawsaty", but could not be found [] []
[2023-01-29 15:10:05] merlin-logger.DEBUG: Post 25 was marked for post-processing, but none was required. [] []
[2023-01-29 15:10:05] merlin-logger.DEBUG: Running post-processing for post 26 [] []
[2023-01-29 15:10:05] merlin-logger.WARNING: Could not find the author for "Contact" (post #26) [] []
[2023-01-29 15:10:05] merlin-logger.DEBUG: Post 26 was imported with author "ibrahemelnawsaty", but could not be found [] []
[2023-01-29 15:10:05] merlin-logger.DEBUG: Post 26 was marked for post-processing, but none was required. [] []
[2023-01-29 15:10:05] merlin-logger.DEBUG: Running post-processing for post 27 [] []
[2023-01-29 15:10:05] merlin-logger.WARNING: Could not find the author for "Services" (post #27) [] []
[2023-01-29 15:10:05] merlin-logger.DEBUG: Post 27 was imported with author "ibrahemelnawsaty", but could not be found [] []
[2023-01-29 15:10:05] merlin-logger.DEBUG: Post 27 was marked for post-processing, but none was required. [] []
[2023-01-29 15:10:05] merlin-logger.DEBUG: Running post-processing for post 32 [] []
[2023-01-29 15:10:05] merlin-logger.WARNING: Could not find the author for "Blog" (post #32) [] []
[2023-01-29 15:10:05] merlin-logger.DEBUG: Post 32 was imported with author "ibrahemelnawsaty", but could not be found [] []
[2023-01-29 15:10:05] merlin-logger.DEBUG: Post 32 was marked for post-processing, but none was required. [] []
[2023-01-29 15:10:05] merlin-logger.DEBUG: Running post-processing for post 151 [] []
[2023-01-29 15:10:05] merlin-logger.WARNING: Could not find the author for "Shop" (post #151) [] []
[2023-01-29 15:10:05] merlin-logger.DEBUG: Post 151 was imported with author "ibrahemelnawsaty", but could not be found [] []
[2023-01-29 15:10:05] merlin-logger.DEBUG: Post 151 was marked for post-processing, but none was required. [] []
[2023-01-29 15:10:05] merlin-logger.DEBUG: Running post-processing for post 152 [] []
[2023-01-29 15:10:05] merlin-logger.WARNING: Could not find the author for "Cart" (post #152) [] []
[2023-01-29 15:10:05] merlin-logger.DEBUG: Post 152 was imported with author "ibrahemelnawsaty", but could not be found [] []
[2023-01-29 15:10:05] merlin-logger.DEBUG: Post 152 was marked for post-processing, but none was required. [] []
[2023-01-29 15:10:05] merlin-logger.DEBUG: Running post-processing for post 153 [] []
[2023-01-29 15:10:05] merlin-logger.WARNING: Could not find the author for "Checkout" (post #153) [] []
[2023-01-29 15:10:05] merlin-logger.DEBUG: Post 153 was imported with author "ibrahemelnawsaty", but could not be found [] []
[2023-01-29 15:10:05] merlin-logger.DEBUG: Post 153 was marked for post-processing, but none was required. [] []
[2023-01-29 15:10:05] merlin-logger.DEBUG: Running post-processing for post 155 [] []
[2023-01-29 15:10:05] merlin-logger.WARNING: Could not find the author for "Refund and Returns Policy" (post #155) [] []
[2023-01-29 15:10:05] merlin-logger.DEBUG: Post 155 was imported with author "ibrahemelnawsaty", but could not be found [] []
[2023-01-29 15:10:05] merlin-logger.DEBUG: Post 155 was marked for post-processing, but none was required. [] []
[2023-01-29 15:10:05] merlin-logger.DEBUG: Running post-processing for post 3211 [] []
[2023-01-29 15:10:05] merlin-logger.WARNING: Could not find the author for "" (post #3211) [] []
[2023-01-29 15:10:05] merlin-logger.DEBUG: Post 3211 was imported with author "ibrahemelnawsaty", but could not be found [] []
[2023-01-29 15:10:05] merlin-logger.DEBUG: Post 3211 was marked for post-processing, but none was required. [] []
[2023-01-29 15:10:05] merlin-logger.DEBUG: Running post-processing for post 3212 [] []
[2023-01-29 15:10:05] merlin-logger.WARNING: Could not find the author for "" (post #3212) [] []
[2023-01-29 15:10:05] merlin-logger.DEBUG: Post 3212 was imported with author "ibrahemelnawsaty", but could not be found [] []
[2023-01-29 15:10:05] merlin-logger.DEBUG: Post 3212 was marked for post-processing, but none was required. [] []
[2023-01-29 15:10:05] merlin-logger.DEBUG: Running post-processing for post 3215 [] []
[2023-01-29 15:10:05] merlin-logger.WARNING: Could not find the author for "" (post #3215) [] []
[2023-01-29 15:10:05] merlin-logger.DEBUG: Post 3215 was imported with author "ibrahemelnawsaty", but could not be found [] []
[2023-01-29 15:10:05] merlin-logger.DEBUG: Post 3215 was marked for post-processing, but none was required. [] []
[2023-01-29 15:10:05] merlin-logger.DEBUG: Running post-processing for post 3216 [] []
[2023-01-29 15:10:05] merlin-logger.WARNING: Could not find the author for "" (post #3216) [] []
[2023-01-29 15:10:05] merlin-logger.DEBUG: Post 3216 was imported with author "ibrahemelnawsaty", but could not be found [] []
[2023-01-29 15:10:05] merlin-logger.DEBUG: Post 3216 was marked for post-processing, but none was required. [] []
[2023-01-29 15:10:05] merlin-logger.DEBUG: Running post-processing for post 3220 [] []
[2023-01-29 15:10:05] merlin-logger.WARNING: Could not find the author for "" (post #3220) [] []
[2023-01-29 15:10:05] merlin-logger.DEBUG: Post 3220 was imported with author "ibrahemelnawsaty", but could not be found [] []
[2023-01-29 15:10:05] merlin-logger.DEBUG: Post 3220 was marked for post-processing, but none was required. [] []
[2023-01-29 15:10:05] merlin-logger.DEBUG: Running post-processing for post 3221 [] []
[2023-01-29 15:10:05] merlin-logger.WARNING: Could not find the author for "" (post #3221) [] []
[2023-01-29 15:10:05] merlin-logger.DEBUG: Post 3221 was imported with author "ibrahemelnawsaty", but could not be found [] []
[2023-01-29 15:10:05] merlin-logger.DEBUG: Post 3221 was marked for post-processing, but none was required. [] []
[2023-01-29 15:10:05] merlin-logger.DEBUG: Running post-processing for post 3313 [] []
[2023-01-29 15:10:05] merlin-logger.WARNING: Could not find the author for "" (post #3313) [] []
[2023-01-29 15:10:05] merlin-logger.DEBUG: Post 3313 was imported with author "ibrahemelnawsaty", but could not be found [] []
[2023-01-29 15:10:05] merlin-logger.DEBUG: Post 3313 was marked for post-processing, but none was required. [] []
[2023-01-29 15:10:05] merlin-logger.DEBUG: Running post-processing for post 3314 [] []
[2023-01-29 15:10:05] merlin-logger.WARNING: Could not find the author for "" (post #3314) [] []
[2023-01-29 15:10:05] merlin-logger.DEBUG: Post 3314 was imported with author "ibrahemelnawsaty", but could not be found [] []
[2023-01-29 15:10:05] merlin-logger.DEBUG: Post 3314 was marked for post-processing, but none was required. [] []
[2023-01-29 15:10:05] merlin-logger.DEBUG: Running post-processing for post 3315 [] []
[2023-01-29 15:10:05] merlin-logger.WARNING: Could not find the author for "" (post #3315) [] []
[2023-01-29 15:10:05] merlin-logger.DEBUG: Post 3315 was imported with author "ibrahemelnawsaty", but could not be found [] []
[2023-01-29 15:10:05] merlin-logger.DEBUG: Post 3315 was marked for post-processing, but none was required. [] []
[2023-01-29 15:10:05] merlin-logger.DEBUG: Running post-processing for post 3316 [] []
[2023-01-29 15:10:05] merlin-logger.WARNING: Could not find the author for "" (post #3316) [] []
[2023-01-29 15:10:05] merlin-logger.DEBUG: Post 3316 was imported with author "ibrahemelnawsaty", but could not be found [] []
[2023-01-29 15:10:05] merlin-logger.DEBUG: Post 3316 was marked for post-processing, but none was required. [] []
[2023-01-29 15:10:05] merlin-logger.DEBUG: Running post-processing for post 3317 [] []
[2023-01-29 15:10:05] merlin-logger.WARNING: Could not find the author for "" (post #3317) [] []
[2023-01-29 15:10:05] merlin-logger.DEBUG: Post 3317 was imported with author "ibrahemelnawsaty", but could not be found [] []
[2023-01-29 15:10:05] merlin-logger.DEBUG: Post 3317 was marked for post-processing, but none was required. [] []
[2023-01-29 15:10:05] merlin-logger.DEBUG: Running post-processing for post 3465 [] []
[2023-01-29 15:10:05] merlin-logger.WARNING: Could not find the author for "Sample Page" (post #3465) [] []
[2023-01-29 15:10:05] merlin-logger.DEBUG: Post 3465 was imported with author "ibrahemelnawsaty", but could not be found [] []
[2023-01-29 15:10:05] merlin-logger.DEBUG: Post 3465 was marked for post-processing, but none was required. [] []
[2023-01-29 15:10:05] merlin-logger.DEBUG: Running post-processing for post 154 [] []
[2023-01-29 15:10:05] merlin-logger.WARNING: Could not find the author for "My account" (post #154) [] []
[2023-01-29 15:10:05] merlin-logger.DEBUG: Post 154 was imported with author "ibrahemelnawsaty", but could not be found [] []
[2023-01-29 15:10:05] merlin-logger.DEBUG: Post 154 was marked for post-processing, but none was required. [] []
[2023-01-29 15:10:05] merlin-logger.DEBUG: Running post-processing for post 164 [] []
[2023-01-29 15:10:05] merlin-logger.WARNING: Could not find the author for "Plan your business properly" (post #164) [] []
[2023-01-29 15:10:05] merlin-logger.DEBUG: Post 164 was imported with author "ibrahemelnawsaty", but could not be found [] []
[2023-01-29 15:10:05] merlin-logger.DEBUG: Post 164 was marked for post-processing, but none was required. [] []
[2023-01-29 15:10:05] merlin-logger.DEBUG: Running post-processing for post 165 [] []
[2023-01-29 15:10:05] merlin-logger.WARNING: Could not find the author for "Hire Your Virtual Assistant" (post #165) [] []
[2023-01-29 15:10:05] merlin-logger.DEBUG: Post 165 was imported with author "ibrahemelnawsaty", but could not be found [] []
[2023-01-29 15:10:05] merlin-logger.DEBUG: Post 165 was marked for post-processing, but none was required. [] []
[2023-01-29 15:10:05] merlin-logger.DEBUG: Running post-processing for post 166 [] []
[2023-01-29 15:10:05] merlin-logger.WARNING: Could not find the author for "How to Work with a Virtual Assistant" (post #166) [] []
[2023-01-29 15:10:05] merlin-logger.DEBUG: Post 166 was imported with author "ibrahemelnawsaty", but could not be found [] []
[2023-01-29 15:10:05] merlin-logger.DEBUG: Post 166 was marked for post-processing, but none was required. [] []
[2023-01-29 15:10:05] merlin-logger.DEBUG: Running post-processing for post 167 [] []
[2023-01-29 15:10:05] merlin-logger.WARNING: Could not find the author for "How to give quality support" (post #167) [] []
[2023-01-29 15:10:05] merlin-logger.DEBUG: Post 167 was imported with author "ibrahemelnawsaty", but could not be found [] []
[2023-01-29 15:10:05] merlin-logger.DEBUG: Post 167 was marked for post-processing, but none was required. [] []
[2023-01-29 15:10:05] merlin-logger.DEBUG: Running post-processing for post 168 [] []
[2023-01-29 15:10:05] merlin-logger.WARNING: Could not find the author for "How do we develop quality code?" (post #168) [] []
[2023-01-29 15:10:05] merlin-logger.DEBUG: Post 168 was imported with author "ibrahemelnawsaty", but could not be found [] []
[2023-01-29 15:10:05] merlin-logger.DEBUG: Post 168 was marked for post-processing, but none was required. [] []
[2023-01-29 15:10:05] merlin-logger.DEBUG: Running post-processing for post 169 [] []
[2023-01-29 15:10:05] merlin-logger.WARNING: Could not find the author for "We carefully craft these beauties" (post #169) [] []
[2023-01-29 15:10:05] merlin-logger.DEBUG: Post 169 was imported with author "ibrahemelnawsaty", but could not be found [] []
[2023-01-29 15:10:05] merlin-logger.DEBUG: Post 169 was marked for post-processing, but none was required. [] []
[2023-01-29 15:10:05] merlin-logger.DEBUG: Running post-processing for post 3190 [] []
[2023-01-29 15:10:05] merlin-logger.WARNING: Could not find the author for "Team" (post #3190) [] []
[2023-01-29 15:10:05] merlin-logger.DEBUG: Post 3190 was imported with author "ibrahemelnawsaty", but could not be found [] []
[2023-01-29 15:10:05] merlin-logger.DEBUG: Post 3190 was marked for post-processing, but none was required. [] []
[2023-01-29 15:10:05] merlin-logger.DEBUG: Running post-processing for post 3198 [] []
[2023-01-29 15:10:05] merlin-logger.WARNING: Could not find the author for "Testimonials" (post #3198) [] []
[2023-01-29 15:10:05] merlin-logger.DEBUG: Post 3198 was imported with author "ibrahemelnawsaty", but could not be found [] []
[2023-01-29 15:10:05] merlin-logger.DEBUG: Post 3198 was marked for post-processing, but none was required. [] []
[2023-01-29 15:10:05] merlin-logger.DEBUG: Running post-processing for post 3201 [] []
[2023-01-29 15:10:05] merlin-logger.WARNING: Could not find the author for "Faq" (post #3201) [] []
[2023-01-29 15:10:05] merlin-logger.DEBUG: Post 3201 was imported with author "ibrahemelnawsaty", but could not be found [] []
[2023-01-29 15:10:05] merlin-logger.DEBUG: Post 3201 was marked for post-processing, but none was required. [] []
[2023-01-29 15:10:05] merlin-logger.DEBUG: Running post-processing for post 3254 [] []
[2023-01-29 15:10:05] merlin-logger.WARNING: Could not find the author for "Slider Home" (post #3254) [] []
[2023-01-29 15:10:05] merlin-logger.DEBUG: Post 3254 was imported with author "ibrahemelnawsaty", but could not be found [] []
[2023-01-29 15:10:05] merlin-logger.DEBUG: Post 3254 was marked for post-processing, but none was required. [] []
[2023-01-29 15:10:05] merlin-logger.DEBUG: Running post-processing for post 3375 [] []
[2023-01-29 15:10:05] merlin-logger.WARNING: Could not find the author for "Test Page" (post #3375) [] []
[2023-01-29 15:10:05] merlin-logger.DEBUG: Post 3375 was imported with author "ibrahemelnawsaty", but could not be found [] []
[2023-01-29 15:10:05] merlin-logger.DEBUG: Post 3375 was marked for post-processing, but none was required. [] []
[2023-01-29 15:10:05] merlin-logger.DEBUG: Running post-processing for post 3385 [] []
[2023-01-29 15:10:05] merlin-logger.WARNING: Could not find the author for "fdasfa" (post #3385) [] []
[2023-01-29 15:10:05] merlin-logger.DEBUG: Post 3385 was imported with author "ibrahemelnawsaty", but could not be found [] []
[2023-01-29 15:10:05] merlin-logger.DEBUG: Post 3385 was marked for post-processing, but none was required. [] []
[2023-01-29 15:10:05] merlin-logger.DEBUG: Running post-processing for post 3396 [] []
[2023-01-29 15:10:05] merlin-logger.WARNING: Could not find the author for "dfasfasf" (post #3396) [] []
[2023-01-29 15:10:05] merlin-logger.DEBUG: Post 3396 was imported with author "ibrahemelnawsaty", but could not be found [] []
[2023-01-29 15:10:05] merlin-logger.DEBUG: Post 3396 was marked for post-processing, but none was required. [] []
[2023-01-29 15:10:05] merlin-logger.DEBUG: Running post-processing for post 3408 [] []
[2023-01-29 15:10:05] merlin-logger.WARNING: Could not find the author for "Single Post (Sidebar on right)" (post #3408) [] []
[2023-01-29 15:10:05] merlin-logger.DEBUG: Post 3408 was imported with author "ibrahemelnawsaty", but could not be found [] []
[2023-01-29 15:10:05] merlin-logger.DEBUG: Post 3408 was marked for post-processing, but none was required. [] []
[2023-01-29 15:10:05] merlin-logger.DEBUG: Running post-processing for post 3420 [] []
[2023-01-29 15:10:05] merlin-logger.WARNING: Could not find the author for "test" (post #3420) [] []
[2023-01-29 15:10:05] merlin-logger.DEBUG: Post 3420 was imported with author "ibrahemelnawsaty", but could not be found [] []
[2023-01-29 15:10:05] merlin-logger.DEBUG: Post 3420 was marked for post-processing, but none was required. [] []
[2023-01-29 15:10:05] merlin-logger.DEBUG: Running post-processing for post 3427 [] []
[2023-01-29 15:10:05] merlin-logger.WARNING: Could not find the author for "Single Page (Sidebar on Left)" (post #3427) [] []
[2023-01-29 15:10:05] merlin-logger.DEBUG: Post 3427 was imported with author "ibrahemelnawsaty", but could not be found [] []
[2023-01-29 15:10:05] merlin-logger.DEBUG: Post 3427 was marked for post-processing, but none was required. [] []
[2023-01-29 15:10:05] merlin-logger.DEBUG: Running post-processing for post 3428 [] []
[2023-01-29 15:10:05] merlin-logger.WARNING: Could not find the author for "Single Page (Sidebar on Right)" (post #3428) [] []
[2023-01-29 15:10:05] merlin-logger.DEBUG: Post 3428 was imported with author "ibrahemelnawsaty", but could not be found [] []
[2023-01-29 15:10:05] merlin-logger.DEBUG: Post 3428 was marked for post-processing, but none was required. [] []
[2023-01-29 15:10:05] merlin-logger.DEBUG: Running post-processing for post 3429 [] []
[2023-01-29 15:10:05] merlin-logger.WARNING: Could not find the author for "Single Page (No Sidebar Full Width)" (post #3429) [] []
[2023-01-29 15:10:05] merlin-logger.DEBUG: Post 3429 was imported with author "ibrahemelnawsaty", but could not be found [] []
[2023-01-29 15:10:05] merlin-logger.DEBUG: Post 3429 was marked for post-processing, but none was required. [] []
[2023-01-29 15:10:05] merlin-logger.DEBUG: Running post-processing for post 3406 [] []
[2023-01-29 15:10:05] merlin-logger.WARNING: Could not find the author for "Single Post (Sidebar on Left)" (post #3406) [] []
[2023-01-29 15:10:05] merlin-logger.DEBUG: Post 3406 was imported with author "ibrahemelnawsaty", but could not be found [] []
[2023-01-29 15:10:05] merlin-logger.DEBUG: Post 3406 was marked for post-processing, but none was required. [] []
[2023-01-29 15:10:05] merlin-logger.DEBUG: Running post-processing for post 3407 [] []
[2023-01-29 15:10:05] merlin-logger.WARNING: Could not find the author for "Single Post (Sidebar on Right)" (post #3407) [] []
[2023-01-29 15:10:05] merlin-logger.DEBUG: Post 3407 was imported with author "ibrahemelnawsaty", but could not be found [] []
[2023-01-29 15:10:05] merlin-logger.DEBUG: Post 3407 was marked for post-processing, but none was required. [] []
[2023-01-29 15:10:05] merlin-logger.DEBUG: Running post-processing for post 3409 [] []
[2023-01-29 15:10:05] merlin-logger.WARNING: Could not find the author for "Single Post (No Sidebar Full Width)" (post #3409) [] []
[2023-01-29 15:10:05] merlin-logger.DEBUG: Post 3409 was imported with author "ibrahemelnawsaty", but could not be found [] []
[2023-01-29 15:10:05] merlin-logger.DEBUG: Post 3409 was marked for post-processing, but none was required. [] []
[2023-01-29 15:10:05] merlin-logger.DEBUG: Running post-processing for post 3205 [] []
[2023-01-29 15:10:05] merlin-logger.WARNING: Could not find the author for "Custom Styles" (post #3205) [] []
[2023-01-29 15:10:05] merlin-logger.DEBUG: Post 3205 was imported with author "ibrahemelnawsaty", but could not be found [] []
[2023-01-29 15:10:05] merlin-logger.DEBUG: Post 3205 was marked for post-processing, but none was required. [] []
[2023-01-29 15:10:05] merlin-logger.DEBUG: Running post-processing for post 3208 [] []
[2023-01-29 15:10:05] merlin-logger.WARNING: Could not find the author for "Header navigation" (post #3208) [] []
[2023-01-29 15:10:05] merlin-logger.DEBUG: Post 3208 was imported with author "ibrahemelnawsaty", but could not be found [] []
[2023-01-29 15:10:05] merlin-logger.DEBUG: Post 3208 was marked for post-processing, but none was required. [] []
[2023-01-29 15:10:05] merlin-logger.DEBUG: Running post-processing for post 3224 [] []
[2023-01-29 15:10:05] merlin-logger.WARNING: Could not find the author for "Header Menu" (post #3224) [] []
[2023-01-29 15:10:05] merlin-logger.DEBUG: Post 3224 was imported with author "ibrahemelnawsaty", but could not be found [] []
[2023-01-29 15:10:05] merlin-logger.DEBUG: Post 3224 was marked for post-processing, but none was required. [] []
[2023-01-29 15:10:05] merlin-logger.DEBUG: Running post-processing for post 3244 [] []
[2023-01-29 15:10:05] merlin-logger.WARNING: Could not find the author for "Custom Styles" (post #3244) [] []
[2023-01-29 15:10:05] merlin-logger.DEBUG: Post 3244 was imported with author "ibrahemelnawsaty", but could not be found [] []
[2023-01-29 15:10:05] merlin-logger.DEBUG: Post 3244 was marked for post-processing, but none was required. [] []
[2023-01-29 15:10:05] merlin-logger.DEBUG: Running post-processing for post 3305 [] []
[2023-01-29 15:10:05] merlin-logger.WARNING: Could not find the author for "Header Menu" (post #3305) [] []
[2023-01-29 15:10:05] merlin-logger.DEBUG: Post 3305 was imported with author "ibrahemelnawsaty", but could not be found [] []
[2023-01-29 15:10:05] merlin-logger.DEBUG: Post 3305 was marked for post-processing, but none was required. [] []
[2023-01-29 15:10:05] merlin-logger.DEBUG: Running post-processing for post 3318 [] []
[2023-01-29 15:10:05] merlin-logger.WARNING: Could not find the author for "Footer Menu" (post #3318) [] []
[2023-01-29 15:10:05] merlin-logger.DEBUG: Post 3318 was imported with author "ibrahemelnawsaty", but could not be found [] []
[2023-01-29 15:10:05] merlin-logger.DEBUG: Post 3318 was marked for post-processing, but none was required. [] []
[2023-01-29 15:10:05] merlin-logger.DEBUG: Running post-processing for post 3334 [] []
[2023-01-29 15:10:05] merlin-logger.WARNING: Could not find the author for "Single Post" (post #3334) [] []
[2023-01-29 15:10:05] merlin-logger.DEBUG: Post 3334 was imported with author "ibrahemelnawsaty", but could not be found [] []
[2023-01-29 15:10:05] merlin-logger.DEBUG: Post 3334 was marked for post-processing, but none was required. [] []
[2023-01-29 15:10:05] merlin-logger.DEBUG: Running post-processing for post 3354 [] []
[2023-01-29 15:10:05] merlin-logger.WARNING: Could not find the author for "Page (No Title)" (post #3354) [] []
[2023-01-29 15:10:05] merlin-logger.DEBUG: Post 3354 was imported with author "ibrahemelnawsaty", but could not be found [] []
[2023-01-29 15:10:05] merlin-logger.DEBUG: Post 3354 was marked for post-processing, but none was required. [] []
[2023-01-29 15:10:05] merlin-logger.DEBUG: Running post-processing for post 3357 [] []
[2023-01-29 15:10:05] merlin-logger.WARNING: Could not find the author for "Archive (Sidebar on Right)" (post #3357) [] []
[2023-01-29 15:10:05] merlin-logger.DEBUG: Post 3357 was imported with author "ibrahemelnawsaty", but could not be found [] []
[2023-01-29 15:10:05] merlin-logger.DEBUG: Post 3357 was marked for post-processing, but none was required. [] []
[2023-01-29 15:10:05] merlin-logger.DEBUG: Running post-processing for post 3358 [] []
[2023-01-29 15:10:05] merlin-logger.WARNING: Could not find the author for "Archive (Sidebar on left)" (post #3358) [] []
[2023-01-29 15:10:05] merlin-logger.DEBUG: Post 3358 was imported with author "ibrahemelnawsaty", but could not be found [] []
[2023-01-29 15:10:05] merlin-logger.DEBUG: Post 3358 was marked for post-processing, but none was required. [] []
[2023-01-29 15:10:05] merlin-logger.DEBUG: Running post-processing for post 3359 [] []
[2023-01-29 15:10:05] merlin-logger.WARNING: Could not find the author for "Single Page (Sidebar on Left)" (post #3359) [] []
[2023-01-29 15:10:05] merlin-logger.DEBUG: Post 3359 was imported with author "ibrahemelnawsaty", but could not be found [] []
[2023-01-29 15:10:05] merlin-logger.DEBUG: Post 3359 was marked for post-processing, but none was required. [] []
[2023-01-29 15:10:05] merlin-logger.DEBUG: Running post-processing for post 3360 [] []
[2023-01-29 15:10:05] merlin-logger.WARNING: Could not find the author for "Single Page (Sidebar on right)" (post #3360) [] []
[2023-01-29 15:10:05] merlin-logger.DEBUG: Post 3360 was imported with author "ibrahemelnawsaty", but could not be found [] []
[2023-01-29 15:10:05] merlin-logger.DEBUG: Post 3360 was marked for post-processing, but none was required. [] []
[2023-01-29 15:10:05] merlin-logger.DEBUG: Running post-processing for post 3361 [] []
[2023-01-29 15:10:05] merlin-logger.WARNING: Could not find the author for "Single Page (No Sidebar Full Width)" (post #3361) [] []
[2023-01-29 15:10:05] merlin-logger.DEBUG: Post 3361 was imported with author "ibrahemelnawsaty", but could not be found [] []
[2023-01-29 15:10:05] merlin-logger.DEBUG: Post 3361 was marked for post-processing, but none was required. [] []
[2023-01-29 15:10:05] merlin-logger.DEBUG: Running post-processing for post 3362 [] []
[2023-01-29 15:10:05] merlin-logger.WARNING: Could not find the author for "Single Post (Sidebar on Left)" (post #3362) [] []
[2023-01-29 15:10:05] merlin-logger.DEBUG: Post 3362 was imported with author "ibrahemelnawsaty", but could not be found [] []
[2023-01-29 15:10:05] merlin-logger.DEBUG: Post 3362 was marked for post-processing, but none was required. [] []
[2023-01-29 15:10:05] merlin-logger.DEBUG: Running post-processing for post 3363 [] []
[2023-01-29 15:10:05] merlin-logger.WARNING: Could not find the author for "Single Post (Sidebar on right)" (post #3363) [] []
[2023-01-29 15:10:05] merlin-logger.DEBUG: Post 3363 was imported with author "ibrahemelnawsaty", but could not be found [] []
[2023-01-29 15:10:05] merlin-logger.DEBUG: Post 3363 was marked for post-processing, but none was required. [] []
[2023-01-29 15:10:05] merlin-logger.DEBUG: Running post-processing for post 3364 [] []
[2023-01-29 15:10:05] merlin-logger.WARNING: Could not find the author for "Single Post (No Sidebar Full Width)" (post #3364) [] []
[2023-01-29 15:10:05] merlin-logger.DEBUG: Post 3364 was imported with author "ibrahemelnawsaty", but could not be found [] []
[2023-01-29 15:10:05] merlin-logger.DEBUG: Post 3364 was marked for post-processing, but none was required. [] []
[2023-01-29 15:10:05] merlin-logger.DEBUG: Running post-processing for post 3387 [] []
[2023-01-29 15:10:05] merlin-logger.WARNING: Could not find the author for "Page" (post #3387) [] []
[2023-01-29 15:10:05] merlin-logger.DEBUG: Post 3387 was imported with author "ibrahemelnawsaty", but could not be found [] []
[2023-01-29 15:10:05] merlin-logger.DEBUG: Post 3387 was marked for post-processing, but none was required. [] []
[2023-01-29 15:10:05] merlin-logger.DEBUG: Running post-processing for post 3225 [] []
[2023-01-29 15:10:05] merlin-logger.WARNING: Could not find the author for "Header" (post #3225) [] []
[2023-01-29 15:10:05] merlin-logger.DEBUG: Post 3225 was imported with author "ibrahemelnawsaty", but could not be found [] []
[2023-01-29 15:10:05] merlin-logger.DEBUG: Post 3225 was marked for post-processing, but none was required. [] []
[2023-01-29 15:10:05] merlin-logger.DEBUG: Running post-processing for post 3231 [] []
[2023-01-29 15:10:05] merlin-logger.WARNING: Could not find the author for "Contact form 1" (post #3231) [] []
[2023-01-29 15:10:05] merlin-logger.DEBUG: Post 3231 was imported with author "ibrahemelnawsaty", but could not be found [] []
[2023-01-29 15:10:05] merlin-logger.DEBUG: Post 3231 was marked for post-processing, but none was required. [] []
[2023-01-29 15:10:05] merlin-logger.DEBUG: Running post-processing for post 3306 [] []
[2023-01-29 15:10:05] merlin-logger.WARNING: Could not find the author for "Footer" (post #3306) [] []
[2023-01-29 15:10:05] merlin-logger.DEBUG: Post 3306 was imported with author "ibrahemelnawsaty", but could not be found [] []
[2023-01-29 15:10:05] merlin-logger.DEBUG: Post 3306 was marked for post-processing, but none was required. [] []
[2023-01-29 15:10:05] merlin-logger.DEBUG: Running post-processing for post 3436 [] []
[2023-01-29 15:10:05] merlin-logger.WARNING: Could not find the author for "Header ( Normal )" (post #3436) [] []
[2023-01-29 15:10:05] merlin-logger.DEBUG: Post 3436 was imported with author "ibrahemelnawsaty", but could not be found [] []
[2023-01-29 15:10:05] merlin-logger.DEBUG: Post 3436 was marked for post-processing, but none was required. [] []
[2023-01-29 15:10:05] merlin-logger.DEBUG: Running post-processing for post 3441 [] []
[2023-01-29 15:10:05] merlin-logger.WARNING: Could not find the author for "Archive ( No Sidebar Full Width )" (post #3441) [] []
[2023-01-29 15:10:05] merlin-logger.DEBUG: Post 3441 was imported with author "ibrahemelnawsaty", but could not be found [] []
[2023-01-29 15:10:05] merlin-logger.DEBUG: Post 3441 was marked for post-processing, but none was required. [] []
[2023-01-29 15:10:05] merlin-logger.DEBUG: Running post-processing for post 3493 [] []
[2023-01-29 15:10:05] merlin-logger.WARNING: Could not find the author for "Single Post (Sidebar on Left)" (post #3493) [] []
[2023-01-29 15:10:05] merlin-logger.DEBUG: Post 3493 was imported with author "ibrahemelnawsaty", but could not be found [] []
[2023-01-29 15:10:05] merlin-logger.DEBUG: Post 3493 was marked for post-processing, but none was required. [] []
[2023-01-29 15:10:05] merlin-logger.DEBUG: Running post-processing for post 3497 [] []
[2023-01-29 15:10:05] merlin-logger.WARNING: Could not find the author for "Search" (post #3497) [] []
[2023-01-29 15:10:05] merlin-logger.DEBUG: Post 3497 was imported with author "ibrahemelnawsaty", but could not be found [] []
[2023-01-29 15:10:05] merlin-logger.DEBUG: Post 3497 was marked for post-processing, but none was required. [] []
[2023-01-29 15:10:05] merlin-logger.DEBUG: Running post-processing for post 3498 [] []
[2023-01-29 15:10:05] merlin-logger.WARNING: Could not find the author for "Single Post (Sidebar on Right)" (post #3498) [] []
[2023-01-29 15:10:05] merlin-logger.DEBUG: Post 3498 was imported with author "ibrahemelnawsaty", but could not be found [] []
[2023-01-29 15:10:05] merlin-logger.DEBUG: Post 3498 was marked for post-processing, but none was required. [] []
[2023-01-29 15:10:05] merlin-logger.DEBUG: Running post-processing for post 3499 [] []
[2023-01-29 15:10:05] merlin-logger.WARNING: Could not find the author for "Home" (post #3499) [] []
[2023-01-29 15:10:05] merlin-logger.DEBUG: Post 3499 was imported with author "ibrahemelnawsaty", but could not be found [] []
[2023-01-29 15:10:05] merlin-logger.DEBUG: Post 3499 was marked for post-processing, but none was required. [] []
[2023-01-29 15:10:05] merlin-logger.DEBUG: Running post-processing for post 3500 [] []
[2023-01-29 15:10:05] merlin-logger.WARNING: Could not find the author for "Single Page (Sidebar on Right)" (post #3500) [] []
[2023-01-29 15:10:05] merlin-logger.DEBUG: Post 3500 was imported with author "ibrahemelnawsaty", but could not be found [] []
[2023-01-29 15:10:05] merlin-logger.DEBUG: Post 3500 was marked for post-processing, but none was required. [] []
[2023-01-29 15:10:05] merlin-logger.DEBUG: Running post-processing for post 3502 [] []
[2023-01-29 15:10:05] merlin-logger.WARNING: Could not find the author for "Sidebar" (post #3502) [] []
[2023-01-29 15:10:05] merlin-logger.DEBUG: Post 3502 was imported with author "ibrahemelnawsaty", but could not be found [] []
[2023-01-29 15:10:05] merlin-logger.DEBUG: Post 3502 was marked for post-processing, but none was required. [] []
[2023-01-29 15:10:05] merlin-logger.DEBUG: Running post-processing for post 3503 [] []
[2023-01-29 15:10:05] merlin-logger.WARNING: Could not find the author for "Archive" (post #3503) [] []
[2023-01-29 15:10:05] merlin-logger.DEBUG: Post 3503 was imported with author "ibrahemelnawsaty", but could not be found [] []
[2023-01-29 15:10:05] merlin-logger.DEBUG: Post 3503 was marked for post-processing, but none was required. [] []
[2023-01-29 15:10:05] merlin-logger.DEBUG: Running post-processing for post 3504 [] []
[2023-01-29 15:10:05] merlin-logger.WARNING: Could not find the author for "Blog Page (Sidebar on Right)" (post #3504) [] []
[2023-01-29 15:10:05] merlin-logger.DEBUG: Post 3504 was imported with author "ibrahemelnawsaty", but could not be found [] []
[2023-01-29 15:10:05] merlin-logger.DEBUG: Post 3504 was marked for post-processing, but none was required. [] []
[2023-01-29 15:10:05] merlin-logger.DEBUG: Running post-processing for post 3505 [] []
[2023-01-29 15:10:05] merlin-logger.WARNING: Could not find the author for "404" (post #3505) [] []
[2023-01-29 15:10:05] merlin-logger.DEBUG: Post 3505 was imported with author "ibrahemelnawsaty", but could not be found [] []
[2023-01-29 15:10:05] merlin-logger.DEBUG: Post 3505 was marked for post-processing, but none was required. [] []
[2023-01-29 15:10:05] merlin-logger.DEBUG: Running post-processing for post 3507 [] []
[2023-01-29 15:10:05] merlin-logger.WARNING: Could not find the author for "Blog Page (Sidebar on Left)" (post #3507) [] []
[2023-01-29 15:10:05] merlin-logger.DEBUG: Post 3507 was imported with author "ibrahemelnawsaty", but could not be found [] []
[2023-01-29 15:10:05] merlin-logger.DEBUG: Post 3507 was marked for post-processing, but none was required. [] []
[2023-01-29 15:10:05] merlin-logger.DEBUG: Running post-processing for post 3509 [] []
[2023-01-29 15:10:05] merlin-logger.WARNING: Could not find the author for "Header (Dark)" (post #3509) [] []
[2023-01-29 15:10:05] merlin-logger.DEBUG: Post 3509 was imported with author "ibrahemelnawsaty", but could not be found [] []
[2023-01-29 15:10:05] merlin-logger.DEBUG: Post 3509 was marked for post-processing, but none was required. [] []
[2023-01-29 15:10:05] merlin-logger.INFO: Starting remapping of featured images [] []
